This file contains any messages produced by compilers while
running configure, to aid debugging if configure makes a mistake.

It was created by djmount configure 0.71, which was
generated by GNU Autoconf 2.59.  Invocation command line was

  $ ./configure 

## --------- ##
## Platform. ##
## --------- ##

hostname = lindsay-OEM
uname -m = i686
uname -r = 3.11.0-24-generic
uname -s = Linux
uname -v = #42~precise1-Ubuntu SMP Fri Jul 4 21:23:53 UTC 2014

/usr/bin/uname -p = unknown
/bin/uname -X     = unknown

/bin/arch              = unknown
/usr/bin/arch -k       = unknown
/usr/convex/getsysinfo = unknown
hostinfo               = unknown
/bin/machine           = unknown
/usr/bin/oslevel       = unknown
/bin/universe          = unknown

PATH: /usr/lib/lightdm/lightdm
PATH: /usr/local/sbin
PATH: /usr/local/bin
PATH: /usr/sbin
PATH: /usr/bin
PATH: /sbin
PATH: /bin
PATH: /usr/games


## ----------- ##
## Core tests. ##
## ----------- ##

configure:1651: checking for a BSD-compatible install
configure:1706: result: /usr/bin/install -c
configure:1717: checking whether build environment is sane
configure:1760: result: yes
configure:1825: checking for gawk
configure:1854: result: no
configure:1825: checking for mawk
configure:1841: found /usr/bin/mawk
configure:1851: result: mawk
configure:1861: checking whether make sets $(MAKE)
configure:1881: result: yes
configure:2063: checking for --enable-debug
configure:2071: result: yes
configure:2093: checking for --enable-charset
configure:2101: result: yes
configure:2172: checking for gcc
configure:2188: found /usr/bin/gcc
configure:2198: result: gcc
configure:2442: checking for C compiler version
configure:2445: gcc --version </dev/null >&5
gcc (Ubuntu/Linaro 4.6.3-1ubuntu5) 4.6.3
Copyright (C) 2011 Free Software Foundation, Inc.
This is free software; see the source for copying conditions.  There is NO
warranty; not even for MERCHANTABILITY or FITNESS FOR A PARTICULAR PURPOSE.

configure:2448: $? = 0
configure:2450: gcc -v </dev/null >&5
Using built-in specs.
COLLECT_GCC=gcc
COLLECT_LTO_WRAPPER=/usr/lib/gcc/i686-linux-gnu/4.6/lto-wrapper
Target: i686-linux-gnu
Configured with: ../src/configure -v --with-pkgversion='Ubuntu/Linaro 4.6.3-1ubuntu5' --with-bugurl=file:///usr/share/doc/gcc-4.6/README.Bugs --enable-languages=c,c++,fortran,objc,obj-c++ --prefix=/usr --program-suffix=-4.6 --enable-shared --enable-linker-build-id --with-system-zlib --libexecdir=/usr/lib --without-included-gettext --enable-threads=posix --with-gxx-include-dir=/usr/include/c++/4.6 --libdir=/usr/lib --enable-nls --with-sysroot=/ --enable-clocale=gnu --enable-libstdcxx-debug --enable-libstdcxx-time=yes --enable-gnu-unique-object --enable-plugin --enable-objc-gc --enable-targets=all --disable-werror --with-arch-32=i686 --with-tune=generic --enable-checking=release --build=i686-linux-gnu --host=i686-linux-gnu --target=i686-linux-gnu
Thread model: posix
gcc version 4.6.3 (Ubuntu/Linaro 4.6.3-1ubuntu5) 
configure:2453: $? = 0
configure:2455: gcc -V </dev/null >&5
gcc: error: unrecognized option '-V'
gcc: fatal error: no input files
compilation terminated.
configure:2458: $? = 4
configure:2481: checking for C compiler default output file name
configure:2484: gcc    conftest.c  >&5
configure:2487: $? = 0
configure:2533: result: a.out
configure:2538: checking whether the C compiler works
configure:2544: ./a.out
configure:2547: $? = 0
configure:2564: result: yes
configure:2571: checking whether we are cross compiling
configure:2573: result: no
configure:2576: checking for suffix of executables
configure:2578: gcc -o conftest    conftest.c  >&5
configure:2581: $? = 0
configure:2606: result: 
configure:2612: checking for suffix of object files
configure:2633: gcc -c   conftest.c >&5
configure:2636: $? = 0
configure:2658: result: o
configure:2662: checking whether we are using the GNU C compiler
configure:2686: gcc -c   conftest.c >&5
configure:2692: $? = 0
configure:2696: test -z 
			 || test ! -s conftest.err
configure:2699: $? = 0
configure:2702: test -s conftest.o
configure:2705: $? = 0
configure:2718: result: yes
configure:2724: checking whether gcc accepts -g
configure:2745: gcc -c -g  conftest.c >&5
configure:2751: $? = 0
configure:2755: test -z 
			 || test ! -s conftest.err
configure:2758: $? = 0
configure:2761: test -s conftest.o
configure:2764: $? = 0
configure:2775: result: yes
configure:2792: checking for gcc option to accept ANSI C
configure:2862: gcc  -c -g -O2  conftest.c >&5
configure:2868: $? = 0
configure:2872: test -z 
			 || test ! -s conftest.err
configure:2875: $? = 0
configure:2878: test -s conftest.o
configure:2881: $? = 0
configure:2899: result: none needed
configure:2917: gcc -c -g -O2  conftest.c >&5
conftest.c:2:3: error: unknown type name 'choke'
conftest.c:2:3: error: expected '=', ',', ';', 'asm' or '__attribute__' at end of input
configure:2923: $? = 1
configure: failed program was:
| #ifndef __cplusplus
|   choke me
| #endif
configure:3067: checking for style of include used by make
configure:3095: result: GNU
configure:3123: checking dependency style of gcc
configure:3213: result: gcc3
configure:3271: checking for ranlib
configure:3287: found /usr/bin/ranlib
configure:3298: result: ranlib
configure:3394: checking build system type
configure:3412: result: i686-pc-linux-gnu
configure:3420: checking host system type
configure:3434: result: i686-pc-linux-gnu
configure:3442: checking for a sed that does not truncate output
configure:3496: result: /bin/sed
configure:3499: checking for egrep
configure:3509: result: grep -E
configure:3525: checking for ld used by gcc
configure:3592: result: /usr/bin/ld
configure:3601: checking if the linker (/usr/bin/ld) is GNU ld
configure:3616: result: yes
configure:3621: checking for /usr/bin/ld option to reload object files
configure:3628: result: -r
configure:3646: checking for BSD-compatible nm
configure:3688: result: /usr/bin/nm -B
configure:3692: checking whether ln -s works
configure:3696: result: yes
configure:3703: checking how to recognise dependent libraries
configure:3875: result: pass_all
configure:4089: checking how to run the C preprocessor
configure:4124: gcc -E  conftest.c
configure:4130: $? = 0
configure:4162: gcc -E  conftest.c
conftest.c:13:28: fatal error: ac_nonexistent.h: No such file or directory
compilation terminated.
configure:4168: $? = 1
configure: failed program was:
| /* confdefs.h.  */
| 
| #define PACKAGE_NAME "djmount"
| #define PACKAGE_TARNAME "djmount"
| #define PACKAGE_VERSION "0.71"
| #define PACKAGE_STRING "djmount 0.71"
| #define PACKAGE_BUGREPORT "r3mi@users.sourceforge.net"
| #define PACKAGE "djmount"
| #define VERSION "0.71"
| #define DEBUG 1
| #define HAVE_CHARSET 1
| /* end confdefs.h.  */
| #include <ac_nonexistent.h>
configure:4207: result: gcc -E
configure:4231: gcc -E  conftest.c
configure:4237: $? = 0
configure:4269: gcc -E  conftest.c
conftest.c:13:28: fatal error: ac_nonexistent.h: No such file or directory
compilation terminated.
configure:4275: $? = 1
configure: failed program was:
| /* confdefs.h.  */
| 
| #define PACKAGE_NAME "djmount"
| #define PACKAGE_TARNAME "djmount"
| #define PACKAGE_VERSION "0.71"
| #define PACKAGE_STRING "djmount 0.71"
| #define PACKAGE_BUGREPORT "r3mi@users.sourceforge.net"
| #define PACKAGE "djmount"
| #define VERSION "0.71"
| #define DEBUG 1
| #define HAVE_CHARSET 1
| /* end confdefs.h.  */
| #include <ac_nonexistent.h>
configure:4319: checking for ANSI C header files
configure:4344: gcc -c -g -O2  conftest.c >&5
configure:4350: $? = 0
configure:4354: test -z 
			 || test ! -s conftest.err
configure:4357: $? = 0
configure:4360: test -s conftest.o
configure:4363: $? = 0
configure:4452: gcc -o conftest -g -O2   conftest.c  >&5
conftest.c: In function 'main':
conftest.c:30:7: warning: incompatible implicit declaration of built-in function 'exit' [enabled by default]
configure:4455: $? = 0
configure:4457: ./conftest
configure:4460: $? = 0
configure:4475: result: yes
configure:4499: checking for sys/types.h
configure:4515: gcc -c -g -O2  conftest.c >&5
configure:4521: $? = 0
configure:4525: test -z 
			 || test ! -s conftest.err
configure:4528: $? = 0
configure:4531: test -s conftest.o
configure:4534: $? = 0
configure:4545: result: yes
configure:4499: checking for sys/stat.h
configure:4515: gcc -c -g -O2  conftest.c >&5
configure:4521: $? = 0
configure:4525: test -z 
			 || test ! -s conftest.err
configure:4528: $? = 0
configure:4531: test -s conftest.o
configure:4534: $? = 0
configure:4545: result: yes
configure:4499: checking for stdlib.h
configure:4515: gcc -c -g -O2  conftest.c >&5
configure:4521: $? = 0
configure:4525: test -z 
			 || test ! -s conftest.err
configure:4528: $? = 0
configure:4531: test -s conftest.o
configure:4534: $? = 0
configure:4545: result: yes
configure:4499: checking for string.h
configure:4515: gcc -c -g -O2  conftest.c >&5
configure:4521: $? = 0
configure:4525: test -z 
			 || test ! -s conftest.err
configure:4528: $? = 0
configure:4531: test -s conftest.o
configure:4534: $? = 0
configure:4545: result: yes
configure:4499: checking for memory.h
configure:4515: gcc -c -g -O2  conftest.c >&5
configure:4521: $? = 0
configure:4525: test -z 
			 || test ! -s conftest.err
configure:4528: $? = 0
configure:4531: test -s conftest.o
configure:4534: $? = 0
configure:4545: result: yes
configure:4499: checking for strings.h
configure:4515: gcc -c -g -O2  conftest.c >&5
configure:4521: $? = 0
configure:4525: test -z 
			 || test ! -s conftest.err
configure:4528: $? = 0
configure:4531: test -s conftest.o
configure:4534: $? = 0
configure:4545: result: yes
configure:4499: checking for inttypes.h
configure:4515: gcc -c -g -O2  conftest.c >&5
configure:4521: $? = 0
configure:4525: test -z 
			 || test ! -s conftest.err
configure:4528: $? = 0
configure:4531: test -s conftest.o
configure:4534: $? = 0
configure:4545: result: yes
configure:4499: checking for stdint.h
configure:4515: gcc -c -g -O2  conftest.c >&5
configure:4521: $? = 0
configure:4525: test -z 
			 || test ! -s conftest.err
configure:4528: $? = 0
configure:4531: test -s conftest.o
configure:4534: $? = 0
configure:4545: result: yes
configure:4499: checking for unistd.h
configure:4515: gcc -c -g -O2  conftest.c >&5
configure:4521: $? = 0
configure:4525: test -z 
			 || test ! -s conftest.err
configure:4528: $? = 0
configure:4531: test -s conftest.o
configure:4534: $? = 0
configure:4545: result: yes
configure:4571: checking dlfcn.h usability
configure:4583: gcc -c -g -O2  conftest.c >&5
configure:4589: $? = 0
configure:4593: test -z 
			 || test ! -s conftest.err
configure:4596: $? = 0
configure:4599: test -s conftest.o
configure:4602: $? = 0
configure:4612: result: yes
configure:4616: checking dlfcn.h presence
configure:4626: gcc -E  conftest.c
configure:4632: $? = 0
configure:4652: result: yes
configure:4687: checking for dlfcn.h
configure:4694: result: yes
configure:4759: checking for g++
configure:4775: found /usr/bin/g++
configure:4785: result: g++
configure:4801: checking for C++ compiler version
configure:4804: g++ --version </dev/null >&5
g++ (Ubuntu/Linaro 4.6.3-1ubuntu5) 4.6.3
Copyright (C) 2011 Free Software Foundation, Inc.
This is free software; see the source for copying conditions.  There is NO
warranty; not even for MERCHANTABILITY or FITNESS FOR A PARTICULAR PURPOSE.

configure:4807: $? = 0
configure:4809: g++ -v </dev/null >&5
Using built-in specs.
COLLECT_GCC=g++
COLLECT_LTO_WRAPPER=/usr/lib/gcc/i686-linux-gnu/4.6/lto-wrapper
Target: i686-linux-gnu
Configured with: ../src/configure -v --with-pkgversion='Ubuntu/Linaro 4.6.3-1ubuntu5' --with-bugurl=file:///usr/share/doc/gcc-4.6/README.Bugs --enable-languages=c,c++,fortran,objc,obj-c++ --prefix=/usr --program-suffix=-4.6 --enable-shared --enable-linker-build-id --with-system-zlib --libexecdir=/usr/lib --without-included-gettext --enable-threads=posix --with-gxx-include-dir=/usr/include/c++/4.6 --libdir=/usr/lib --enable-nls --with-sysroot=/ --enable-clocale=gnu --enable-libstdcxx-debug --enable-libstdcxx-time=yes --enable-gnu-unique-object --enable-plugin --enable-objc-gc --enable-targets=all --disable-werror --with-arch-32=i686 --with-tune=generic --enable-checking=release --build=i686-linux-gnu --host=i686-linux-gnu --target=i686-linux-gnu
Thread model: posix
gcc version 4.6.3 (Ubuntu/Linaro 4.6.3-1ubuntu5) 
configure:4812: $? = 0
configure:4814: g++ -V </dev/null >&5
g++: error: unrecognized option '-V'
g++: fatal error: no input files
compilation terminated.
configure:4817: $? = 4
configure:4820: checking whether we are using the GNU C++ compiler
configure:4844: g++ -c   conftest.cc >&5
configure:4850: $? = 0
configure:4854: test -z 
			 || test ! -s conftest.err
configure:4857: $? = 0
configure:4860: test -s conftest.o
configure:4863: $? = 0
configure:4876: result: yes
configure:4882: checking whether g++ accepts -g
configure:4903: g++ -c -g  conftest.cc >&5
configure:4909: $? = 0
configure:4913: test -z 
			 || test ! -s conftest.err
configure:4916: $? = 0
configure:4919: test -s conftest.o
configure:4922: $? = 0
configure:4933: result: yes
configure:4975: g++ -c -g -O2  conftest.cc >&5
configure:4981: $? = 0
configure:4985: test -z 
			 || test ! -s conftest.err
configure:4988: $? = 0
configure:4991: test -s conftest.o
configure:4994: $? = 0
configure:5020: g++ -c -g -O2  conftest.cc >&5
conftest.cc: In function 'int main()':
conftest.cc:28:9: error: 'exit' was not declared in this scope
configure:5026: $? = 1
configure: failed program was:
| /* confdefs.h.  */
| 
| #define PACKAGE_NAME "djmount"
| #define PACKAGE_TARNAME "djmount"
| #define PACKAGE_VERSION "0.71"
| #define PACKAGE_STRING "djmount 0.71"
| #define PACKAGE_BUGREPORT "r3mi@users.sourceforge.net"
| #define PACKAGE "djmount"
| #define VERSION "0.71"
| #define DEBUG 1
| #define HAVE_CHARSET 1
| #define STDC_HEADERS 1
| #define HAVE_SYS_TYPES_H 1
| #define HAVE_SYS_STAT_H 1
| #define HAVE_STDLIB_H 1
| #define HAVE_STRING_H 1
| #define HAVE_MEMORY_H 1
| #define HAVE_STRINGS_H 1
| #define HAVE_INTTYPES_H 1
| #define HAVE_STDINT_H 1
| #define HAVE_UNISTD_H 1
| #define HAVE_DLFCN_H 1
| /* end confdefs.h.  */
| 
| int
| main ()
| {
| exit (42);
|   ;
|   return 0;
| }
configure:4975: g++ -c -g -O2  conftest.cc >&5
conftest.cc:24:40: error: 'void std::exit(int)' should have been declared inside 'std'
configure:4981: $? = 1
configure: failed program was:
| /* confdefs.h.  */
| 
| #define PACKAGE_NAME "djmount"
| #define PACKAGE_TARNAME "djmount"
| #define PACKAGE_VERSION "0.71"
| #define PACKAGE_STRING "djmount 0.71"
| #define PACKAGE_BUGREPORT "r3mi@users.sourceforge.net"
| #define PACKAGE "djmount"
| #define VERSION "0.71"
| #define DEBUG 1
| #define HAVE_CHARSET 1
| #define STDC_HEADERS 1
| #define HAVE_SYS_TYPES_H 1
| #define HAVE_SYS_STAT_H 1
| #define HAVE_STDLIB_H 1
| #define HAVE_STRING_H 1
| #define HAVE_MEMORY_H 1
| #define HAVE_STRINGS_H 1
| #define HAVE_INTTYPES_H 1
| #define HAVE_STDINT_H 1
| #define HAVE_UNISTD_H 1
| #define HAVE_DLFCN_H 1
| /* end confdefs.h.  */
| extern "C" void std::exit (int) throw (); using std::exit;
| #include <stdlib.h>
| int
| main ()
| {
| exit (42);
|   ;
|   return 0;
| }
configure:4975: g++ -c -g -O2  conftest.cc >&5
conftest.cc:24:31: error: 'void std::exit(int)' should have been declared inside 'std'
In file included from conftest.cc:25:0:
/usr/include/stdlib.h:544:70: error: declaration of 'void std::exit(int) throw ()' has a different exception specifier
conftest.cc:24:17: error: from previous declaration 'void std::exit(int)'
configure:4981: $? = 1
configure: failed program was:
| /* confdefs.h.  */
| 
| #define PACKAGE_NAME "djmount"
| #define PACKAGE_TARNAME "djmount"
| #define PACKAGE_VERSION "0.71"
| #define PACKAGE_STRING "djmount 0.71"
| #define PACKAGE_BUGREPORT "r3mi@users.sourceforge.net"
| #define PACKAGE "djmount"
| #define VERSION "0.71"
| #define DEBUG 1
| #define HAVE_CHARSET 1
| #define STDC_HEADERS 1
| #define HAVE_SYS_TYPES_H 1
| #define HAVE_SYS_STAT_H 1
| #define HAVE_STDLIB_H 1
| #define HAVE_STRING_H 1
| #define HAVE_MEMORY_H 1
| #define HAVE_STRINGS_H 1
| #define HAVE_INTTYPES_H 1
| #define HAVE_STDINT_H 1
| #define HAVE_UNISTD_H 1
| #define HAVE_DLFCN_H 1
| /* end confdefs.h.  */
| extern "C" void std::exit (int); using std::exit;
| #include <stdlib.h>
| int
| main ()
| {
| exit (42);
|   ;
|   return 0;
| }
configure:4975: g++ -c -g -O2  conftest.cc >&5
configure:4981: $? = 0
configure:4985: test -z 
			 || test ! -s conftest.err
configure:4988: $? = 0
configure:4991: test -s conftest.o
configure:4994: $? = 0
configure:5020: g++ -c -g -O2  conftest.cc >&5
configure:5026: $? = 0
configure:5030: test -z 
			 || test ! -s conftest.err
configure:5033: $? = 0
configure:5036: test -s conftest.o
configure:5039: $? = 0
configure:5064: checking dependency style of g++
configure:5154: result: gcc3
configure:5181: checking how to run the C++ preprocessor
configure:5212: g++ -E  conftest.cc
configure:5218: $? = 0
configure:5250: g++ -E  conftest.cc
conftest.cc:27:28: fatal error: ac_nonexistent.h: No such file or directory
compilation terminated.
configure:5256: $? = 1
configure: failed program was:
| /* confdefs.h.  */
| 
| #define PACKAGE_NAME "djmount"
| #define PACKAGE_TARNAME "djmount"
| #define PACKAGE_VERSION "0.71"
| #define PACKAGE_STRING "djmount 0.71"
| #define PACKAGE_BUGREPORT "r3mi@users.sourceforge.net"
| #define PACKAGE "djmount"
| #define VERSION "0.71"
| #define DEBUG 1
| #define HAVE_CHARSET 1
| #define STDC_HEADERS 1
| #define HAVE_SYS_TYPES_H 1
| #define HAVE_SYS_STAT_H 1
| #define HAVE_STDLIB_H 1
| #define HAVE_STRING_H 1
| #define HAVE_MEMORY_H 1
| #define HAVE_STRINGS_H 1
| #define HAVE_INTTYPES_H 1
| #define HAVE_STDINT_H 1
| #define HAVE_UNISTD_H 1
| #define HAVE_DLFCN_H 1
| #ifdef __cplusplus
| extern "C" void exit (int) throw ();
| #endif
| /* end confdefs.h.  */
| #include <ac_nonexistent.h>
configure:5295: result: g++ -E
configure:5319: g++ -E  conftest.cc
configure:5325: $? = 0
configure:5357: g++ -E  conftest.cc
conftest.cc:27:28: fatal error: ac_nonexistent.h: No such file or directory
compilation terminated.
configure:5363: $? = 1
configure: failed program was:
| /* confdefs.h.  */
| 
| #define PACKAGE_NAME "djmount"
| #define PACKAGE_TARNAME "djmount"
| #define PACKAGE_VERSION "0.71"
| #define PACKAGE_STRING "djmount 0.71"
| #define PACKAGE_BUGREPORT "r3mi@users.sourceforge.net"
| #define PACKAGE "djmount"
| #define VERSION "0.71"
| #define DEBUG 1
| #define HAVE_CHARSET 1
| #define STDC_HEADERS 1
| #define HAVE_SYS_TYPES_H 1
| #define HAVE_SYS_STAT_H 1
| #define HAVE_STDLIB_H 1
| #define HAVE_STRING_H 1
| #define HAVE_MEMORY_H 1
| #define HAVE_STRINGS_H 1
| #define HAVE_INTTYPES_H 1
| #define HAVE_STDINT_H 1
| #define HAVE_UNISTD_H 1
| #define HAVE_DLFCN_H 1
| #ifdef __cplusplus
| extern "C" void exit (int) throw ();
| #endif
| /* end confdefs.h.  */
| #include <ac_nonexistent.h>
configure:5460: checking for g77
configure:5489: result: no
configure:5460: checking for f77
configure:5489: result: no
configure:5460: checking for xlf
configure:5489: result: no
configure:5460: checking for frt
configure:5489: result: no
configure:5460: checking for pgf77
configure:5489: result: no
configure:5460: checking for fort77
configure:5489: result: no
configure:5460: checking for fl32
configure:5489: result: no
configure:5460: checking for af77
configure:5489: result: no
configure:5460: checking for f90
configure:5489: result: no
configure:5460: checking for xlf90
configure:5489: result: no
configure:5460: checking for pgf90
configure:5489: result: no
configure:5460: checking for epcf90
configure:5489: result: no
configure:5460: checking for f95
configure:5489: result: no
configure:5460: checking for fort
configure:5489: result: no
configure:5460: checking for xlf95
configure:5489: result: no
configure:5460: checking for ifc
configure:5489: result: no
configure:5460: checking for efc
configure:5489: result: no
configure:5460: checking for pgf95
configure:5489: result: no
configure:5460: checking for lf95
configure:5489: result: no
configure:5460: checking for gfortran
configure:5489: result: no
configure:5501: checking for Fortran 77 compiler version
configure:5504:  --version </dev/null >&5
./configure: line 5505: --version: command not found
configure:5507: $? = 127
configure:5509:  -v </dev/null >&5
./configure: line 5510: -v: command not found
configure:5512: $? = 127
configure:5514:  -V </dev/null >&5
./configure: line 5515: -V: command not found
configure:5517: $? = 127
configure:5525: checking whether we are using the GNU Fortran 77 compiler
configure:5539:  -c  conftest.F >&5
./configure: line 5540: -c: command not found
configure:5545: $? = 127
configure: failed program was:
|       program main
| #ifndef __GNUC__
|        choke me
| #endif
| 
|       end
configure:5571: result: no
configure:5577: checking whether  accepts -g
configure:5589:  -c -g conftest.f >&5
./configure: line 5590: -c: command not found
configure:5595: $? = 127
configure: failed program was:
|       program main
| 
|       end
configure:5620: result: no
configure:5650: checking the maximum length of command line arguments
configure:5742: result: 32768
configure:5753: checking command to parse /usr/bin/nm -B output from gcc object
configure:5849: gcc -c -g -O2  conftest.c >&5
configure:5852: $? = 0
configure:5856: /usr/bin/nm -B conftest.o \| sed -n -e 's/^.*[ 	]\([ABCDGIRSTW][ABCDGIRSTW]*\)[ 	][ 	]*\([_A-Za-z][_A-Za-z0-9]*\)$/\1 \2 \2/p' \> conftest.nm
configure:5859: $? = 0
configure:5911: gcc -o conftest -g -O2   conftest.c conftstm.o >&5
configure:5914: $? = 0
configure:5952: result: ok
configure:5956: checking for objdir
configure:5971: result: .libs
configure:6061: checking for ar
configure:6077: found /usr/bin/ar
configure:6088: result: ar
configure:6141: checking for ranlib
configure:6168: result: ranlib
configure:6221: checking for strip
configure:6237: found /usr/bin/strip
configure:6248: result: strip
configure:6535: checking if gcc static flag  works
configure:6563: result: yes
configure:6581: checking if gcc supports -fno-rtti -fno-exceptions
configure:6599: gcc -c -g -O2  -fno-rtti -fno-exceptions conftest.c >&5
cc1: warning: command line option '-fno-rtti' is valid for C++/ObjC++ but not for C [enabled by default]
configure:6603: $? = 0
configure:6616: result: no
configure:6631: checking for gcc option to produce PIC
configure:6835: result: -fPIC
configure:6843: checking if gcc PIC flag -fPIC works
configure:6861: gcc -c -g -O2  -fPIC -DPIC conftest.c >&5
configure:6865: $? = 0
configure:6878: result: yes
configure:6902: checking if gcc supports -c -o file.o
configure:6923: gcc -c -g -O2  -o out/conftest2.o conftest.c >&5
configure:6927: $? = 0
configure:6949: result: yes
configure:6975: checking whether the gcc linker (/usr/bin/ld) supports shared libraries
configure:7871: result: yes
configure:7942: checking dynamic linker characteristics
configure:8509: result: GNU/Linux ld.so
configure:8513: checking how to hardcode library paths into programs
configure:8538: result: immediate
configure:8552: checking whether stripping libraries is possible
configure:8557: result: yes
configure:9387: checking if libtool supports shared libraries
configure:9389: result: yes
configure:9392: checking whether to build shared libraries
configure:9413: result: no
configure:9416: checking whether to build static libraries
configure:9420: result: yes
configure:9512: creating libtool
configure:10090: checking for ld used by g++
configure:10157: result: /usr/bin/ld
configure:10166: checking if the linker (/usr/bin/ld) is GNU ld
configure:10181: result: yes
configure:10232: checking whether the g++ linker (/usr/bin/ld) supports shared libraries
configure:11119: result: yes
configure:11137: g++ -c -g -O2  conftest.cc >&5
configure:11140: $? = 0
configure:11236: checking for g++ option to produce PIC
configure:11504: result: -fPIC
configure:11512: checking if g++ PIC flag -fPIC works
configure:11530: g++ -c -g -O2  -fPIC -DPIC conftest.cc >&5
configure:11534: $? = 0
configure:11547: result: yes
configure:11571: checking if g++ supports -c -o file.o
configure:11592: g++ -c -g -O2  -o out/conftest2.o conftest.cc >&5
configure:11596: $? = 0
configure:11618: result: yes
configure:11644: checking whether the g++ linker (/usr/bin/ld) supports shared libraries
configure:11669: result: yes
configure:11740: checking dynamic linker characteristics
configure:12307: result: GNU/Linux ld.so
configure:12311: checking how to hardcode library paths into programs
configure:12336: result: immediate
configure:12350: checking whether stripping libraries is possible
configure:12355: result: yes
configure:19917: checking for a BSD-compatible install
configure:19972: result: /usr/bin/install -c
configure:19983: checking whether make sets $(MAKE)
configure:20003: result: yes
configure:20012: checking whether ln -s works
configure:20016: result: yes
configure:20026: checking for perl
configure:20044: found /usr/bin/perl
configure:20056: result: /usr/bin/perl
configure:20171: checking CFLAGS for maximum warnings
configure:20204: gcc -c -g -O2 -pedantic  -Wall  conftest.c >&5
configure:20210: $? = 0
configure:20214: test -z 
			 || test ! -s conftest.err
configure:20217: $? = 0
configure:20220: test -s conftest.o
configure:20223: $? = 0
configure:20242: result: -Wall
configure:20255: : CFLAGS="$CFLAGS $ac_cv_cflags_warn_all"
configure:20258: $? = 0
configure:20276: checking for special C compiler options needed for large files
configure:20375: result: no
configure:20381: checking for _FILE_OFFSET_BITS value needed for large files
configure:20412: gcc -c -g -O2 -Wall  conftest.c >&5
conftest.c:33:3: warning: left shift count >= width of type [enabled by default]
conftest.c:33:3: warning: left shift count >= width of type [enabled by default]
conftest.c:34:10: warning: left shift count >= width of type [enabled by default]
conftest.c:34:10: warning: left shift count >= width of type [enabled by default]
conftest.c:33:7: error: size of array 'off_t_is_large' is negative
conftest.c:35:9: warning: variably modified 'off_t_is_large' at file scope [enabled by default]
configure:20418: $? = 1
configure: failed program was:
| /* confdefs.h.  */
| 
| #define PACKAGE_NAME "djmount"
| #define PACKAGE_TARNAME "djmount"
| #define PACKAGE_VERSION "0.71"
| #define PACKAGE_STRING "djmount 0.71"
| #define PACKAGE_BUGREPORT "r3mi@users.sourceforge.net"
| #define PACKAGE "djmount"
| #define VERSION "0.71"
| #define DEBUG 1
| #define HAVE_CHARSET 1
| #define STDC_HEADERS 1
| #define HAVE_SYS_TYPES_H 1
| #define HAVE_SYS_STAT_H 1
| #define HAVE_STDLIB_H 1
| #define HAVE_STRING_H 1
| #define HAVE_MEMORY_H 1
| #define HAVE_STRINGS_H 1
| #define HAVE_INTTYPES_H 1
| #define HAVE_STDINT_H 1
| #define HAVE_UNISTD_H 1
| #define HAVE_DLFCN_H 1
| #ifdef __cplusplus
| extern "C" void exit (int) throw ();
| #endif
| /* end confdefs.h.  */
| #include <sys/types.h>
|  /* Check that off_t can represent 2**63 - 1 correctly.
|     We can't simply define LARGE_OFF_T to be 9223372036854775807,
|     since some C++ compilers masquerading as C compilers
|     incorrectly reject 9223372036854775807.  */
| #define LARGE_OFF_T (((off_t) 1 << 62) - 1 + ((off_t) 1 << 62))
|   int off_t_is_large[(LARGE_OFF_T % 2147483629 == 721
| 		       && LARGE_OFF_T % 2147483647 == 1)
| 		      ? 1 : -1];
| int
| main ()
| {
| 
|   ;
|   return 0;
| }
configure:20465: gcc -c -g -O2 -Wall  conftest.c >&5
configure:20471: $? = 0
configure:20475: test -z 
			 || test ! -s conftest.err
configure:20478: $? = 0
configure:20481: test -s conftest.o
configure:20484: $? = 0
configure:20496: result: 64
configure:20506: checking for _LARGE_FILES value needed for large files
configure:20537: gcc -c -g -O2 -Wall  conftest.c >&5
configure:20543: $? = 0
configure:20547: test -z 
			 || test ! -s conftest.err
configure:20550: $? = 0
configure:20553: test -s conftest.o
configure:20556: $? = 0
configure:20621: result: no
configure:20646: checking for dirent.h that defines DIR
configure:20670: gcc -c -g -O2 -Wall  conftest.c >&5
configure:20676: $? = 0
configure:20680: test -z 
			 || test ! -s conftest.err
configure:20683: $? = 0
configure:20686: test -s conftest.o
configure:20689: $? = 0
configure:20700: result: yes
configure:20713: checking for library containing opendir
configure:20743: gcc -o conftest -g -O2 -Wall   conftest.c  >&5
configure:20749: $? = 0
configure:20753: test -z 
			 || test ! -s conftest.err
configure:20756: $? = 0
configure:20759: test -s conftest
configure:20762: $? = 0
configure:20832: result: none required
configure:20968: checking for ANSI C header files
configure:21124: result: yes
configure:21142: checking for inttypes.h
configure:21147: result: yes
configure:21151: checking stddef.h usability
configure:21163: gcc -c -g -O2 -Wall  conftest.c >&5
configure:21169: $? = 0
configure:21173: test -z 
			 || test ! -s conftest.err
configure:21176: $? = 0
configure:21179: test -s conftest.o
configure:21182: $? = 0
configure:21192: result: yes
configure:21196: checking stddef.h presence
configure:21206: gcc -E  conftest.c
configure:21212: $? = 0
configure:21232: result: yes
configure:21267: checking for stddef.h
configure:21274: result: yes
configure:21142: checking for stdint.h
configure:21147: result: yes
configure:21151: checking stdarg.h usability
configure:21163: gcc -c -g -O2 -Wall  conftest.c >&5
configure:21169: $? = 0
configure:21173: test -z 
			 || test ! -s conftest.err
configure:21176: $? = 0
configure:21179: test -s conftest.o
configure:21182: $? = 0
configure:21192: result: yes
configure:21196: checking stdarg.h presence
configure:21206: gcc -E  conftest.c
configure:21212: $? = 0
configure:21232: result: yes
configure:21267: checking for stdarg.h
configure:21274: result: yes
configure:21303: checking locale.h usability
configure:21315: gcc -c -g -O2 -Wall  conftest.c >&5
configure:21321: $? = 0
configure:21325: test -z 
			 || test ! -s conftest.err
configure:21328: $? = 0
configure:21331: test -s conftest.o
configure:21334: $? = 0
configure:21344: result: yes
configure:21348: checking locale.h presence
configure:21358: gcc -E  conftest.c
configure:21364: $? = 0
configure:21384: result: yes
configure:21419: checking for locale.h
configure:21426: result: yes
configure:21303: checking langinfo.h usability
configure:21315: gcc -c -g -O2 -Wall  conftest.c >&5
configure:21321: $? = 0
configure:21325: test -z 
			 || test ! -s conftest.err
configure:21328: $? = 0
configure:21331: test -s conftest.o
configure:21334: $? = 0
configure:21344: result: yes
configure:21348: checking langinfo.h presence
configure:21358: gcc -E  conftest.c
configure:21364: $? = 0
configure:21384: result: yes
configure:21419: checking for langinfo.h
configure:21426: result: yes
configure:21445: checking for stdbool.h that conforms to C99
configure:21506: gcc -c -g -O2 -Wall  conftest.c >&5
conftest.c:62:4: warning: variably modified 'd' at file scope [enabled by default]
conftest.c:63:4: warning: the address of 's' will always evaluate as 'true' [-Waddress]
conftest.c:64:4: warning: variably modified 'f' at file scope [enabled by default]
conftest.c: In function 'main':
conftest.c:78:12: warning: the address of 'a' will always evaluate as 'true' [-Waddress]
conftest.c:78:17: warning: the address of 'b' will always evaluate as 'true' [-Waddress]
conftest.c:78:22: warning: the address of 'c' will always evaluate as 'true' [-Waddress]
conftest.c:78:27: warning: the address of 'd' will always evaluate as 'true' [-Waddress]
conftest.c:78:37: warning: the address of 'f' will always evaluate as 'true' [-Waddress]
conftest.c:78:42: warning: the address of 'g' will always evaluate as 'true' [-Waddress]
conftest.c:78:47: warning: the address of 'h' will always evaluate as 'true' [-Waddress]
conftest.c:78:52: warning: the address of 'i' will always evaluate as 'true' [-Waddress]
conftest.c:79:12: warning: the address of 'n' will always evaluate as 'true' [-Waddress]
conftest.c:79:17: warning: the address of 'o' will always evaluate as 'true' [-Waddress]
conftest.c:79:22: warning: the address of 'p' will always evaluate as 'true' [-Waddress]
configure:21512: $? = 0
configure:21516: test -z 
			 || test ! -s conftest.err
configure:21519: $? = 0
configure:21522: test -s conftest.o
configure:21525: $? = 0
configure:21536: result: yes
configure:21538: checking for _Bool
configure:21562: gcc -c -g -O2 -Wall  conftest.c >&5
configure:21568: $? = 0
configure:21572: test -z 
			 || test ! -s conftest.err
configure:21575: $? = 0
configure:21578: test -s conftest.o
configure:21581: $? = 0
configure:21592: result: yes
configure:21610: checking for an ANSI C-conforming const
configure:21677: gcc -c -g -O2 -Wall  conftest.c >&5
conftest.c: In function 'main':
conftest.c:65:17: warning: unused variable 's' [-Wunused-variable]
conftest.c:85:15: warning: unused variable 'foo' [-Wunused-variable]
conftest.c:52:29: warning: unused variable 'zero' [-Wunused-variable]
conftest.c:46:17: warning: unused variable 'x' [-Wunused-variable]
conftest.c:67:10: warning: 't' is used uninitialized in this function [-Wuninitialized]
conftest.c:82:23: warning: 'b' is used uninitialized in this function [-Wuninitialized]
configure:21683: $? = 0
configure:21687: test -z 
			 || test ! -s conftest.err
configure:21690: $? = 0
configure:21693: test -s conftest.o
configure:21696: $? = 0
configure:21707: result: yes
configure:21717: checking for inline
configure:21738: gcc -c -g -O2 -Wall  conftest.c >&5
configure:21744: $? = 0
configure:21748: test -z 
			 || test ! -s conftest.err
configure:21751: $? = 0
configure:21754: test -s conftest.o
configure:21757: $? = 0
configure:21769: result: inline
configure:21798: checking for setxattr
configure:21855: gcc -o conftest -g -O2 -Wall   conftest.c  >&5
configure:21861: $? = 0
configure:21865: test -z 
			 || test ! -s conftest.err
configure:21868: $? = 0
configure:21871: test -s conftest
configure:21874: $? = 0
configure:21886: result: yes
configure:21798: checking for mktime
configure:21855: gcc -o conftest -g -O2 -Wall   conftest.c  >&5
configure:21861: $? = 0
configure:21865: test -z 
			 || test ! -s conftest.err
configure:21868: $? = 0
configure:21871: test -s conftest
configure:21874: $? = 0
configure:21886: result: yes
configure:21901: checking for setlocale
configure:21958: gcc -o conftest -g -O2 -Wall   conftest.c  >&5
configure:21964: $? = 0
configure:21968: test -z 
			 || test ! -s conftest.err
configure:21971: $? = 0
configure:21974: test -s conftest
configure:21977: $? = 0
configure:21989: result: yes
configure:22000: checking for _LARGEFILE_SOURCE value needed for large files
configure:22023: gcc -c -g -O2 -Wall  conftest.c >&5
conftest.c: In function 'main':
conftest.c:45:8: warning: the address of 'fseeko' will always evaluate as 'true' [-Waddress]
configure:22029: $? = 0
configure:22033: test -z 
			 || test ! -s conftest.err
configure:22036: $? = 0
configure:22039: test -s conftest.o
configure:22042: $? = 0
configure:22099: result: no
configure:22113: checking for fseeko
configure:22134: gcc -o conftest -g -O2 -Wall   conftest.c  >&5
conftest.c: In function 'main':
conftest.c:45:8: warning: the address of 'fseeko' will always evaluate as 'true' [-Waddress]
configure:22140: $? = 0
configure:22144: test -z 
			 || test ! -s conftest.err
configure:22147: $? = 0
configure:22150: test -s conftest
configure:22153: $? = 0
configure:22165: result: yes
configure:22183: checking for open_memstream
configure:22240: gcc -o conftest -g -O2 -Wall   conftest.c  >&5
configure:22246: $? = 0
configure:22250: test -z 
			 || test ! -s conftest.err
configure:22253: $? = 0
configure:22256: test -s conftest
configure:22259: $? = 0
configure:22271: result: yes
configure:22292: checking whether strerror_r is declared
configure:22316: gcc -c -g -O2 -Wall  conftest.c >&5
conftest.c: In function 'main':
conftest.c:82:9: warning: unused variable 'p' [-Wunused-variable]
configure:22322: $? = 0
configure:22326: test -z 
			 || test ! -s conftest.err
configure:22329: $? = 0
configure:22332: test -s conftest.o
configure:22335: $? = 0
configure:22346: result: yes
configure:22368: checking for strerror_r
configure:22425: gcc -o conftest -g -O2 -Wall   conftest.c  >&5
configure:22431: $? = 0
configure:22435: test -z 
			 || test ! -s conftest.err
configure:22438: $? = 0
configure:22441: test -s conftest
configure:22444: $? = 0
configure:22456: result: yes
configure:22466: checking whether strerror_r returns char *
configure:22494: gcc -c -g -O2 -Wall  conftest.c >&5
conftest.c: In function 'main':
conftest.c:86:10: warning: unused variable 'p' [-Wunused-variable]
conftest.c:85:9: warning: unused variable 'x' [-Wunused-variable]
configure:22500: $? = 0
configure:22504: test -z 
			 || test ! -s conftest.err
configure:22507: $? = 0
configure:22510: test -s conftest.o
configure:22513: $? = 0
configure:22573: result: yes
configure:22606: checking whether <limits.h> defines MIN and MAX
configure:22628: gcc -c -g -O2 -Wall  conftest.c >&5
conftest.c:48:1: warning: implicit declaration of function 'MIN' [-Wimplicit-function-declaration]
conftest.c:48:1: error: initializer element is not constant
configure:22634: $? = 1
configure: failed program was:
| /* confdefs.h.  */
| 
| #define PACKAGE_NAME "djmount"
| #define PACKAGE_TARNAME "djmount"
| #define PACKAGE_VERSION "0.71"
| #define PACKAGE_STRING "djmount 0.71"
| #define PACKAGE_BUGREPORT "r3mi@users.sourceforge.net"
| #define PACKAGE "djmount"
| #define VERSION "0.71"
| #define DEBUG 1
| #define HAVE_CHARSET 1
| #define STDC_HEADERS 1
| #define HAVE_SYS_TYPES_H 1
| #define HAVE_SYS_STAT_H 1
| #define HAVE_STDLIB_H 1
| #define HAVE_STRING_H 1
| #define HAVE_MEMORY_H 1
| #define HAVE_STRINGS_H 1
| #define HAVE_INTTYPES_H 1
| #define HAVE_STDINT_H 1
| #define HAVE_UNISTD_H 1
| #define HAVE_DLFCN_H 1
| #ifdef __cplusplus
| extern "C" void exit (int) throw ();
| #endif
| #define _FILE_OFFSET_BITS 64
| #define HAVE_DIRENT_H 1
| #define STDC_HEADERS 1
| #define HAVE_INTTYPES_H 1
| #define HAVE_STDDEF_H 1
| #define HAVE_STDINT_H 1
| #define HAVE_STDARG_H 1
| #define HAVE_LOCALE_H 1
| #define HAVE_LANGINFO_H 1
| #define HAVE__BOOL 1
| #define HAVE_STDBOOL_H 1
| #define HAVE_SETXATTR 1
| #define HAVE_MKTIME 1
| #define HAVE_SETLOCALE 1
| #define HAVE_FSEEKO 1
| #define HAVE_OPEN_MEMSTREAM 1
| #define _GNU_SOURCE 1
| #define HAVE_DECL_STRERROR_R 1
| #define HAVE_STRERROR_R 1
| #define STRERROR_R_CHAR_P 1
| /* end confdefs.h.  */
| #include <limits.h>
| int x = MIN (42, 17);
| int
| main ()
| {
| 
|   ;
|   return 0;
| }
configure:22658: result: no
configure:22673: checking whether <sys/param.h> defines MIN and MAX
configure:22695: gcc -c -g -O2 -Wall  conftest.c >&5
configure:22701: $? = 0
configure:22705: test -z 
			 || test ! -s conftest.err
configure:22708: $? = 0
configure:22711: test -s conftest.o
configure:22714: $? = 0
configure:22725: result: yes
configure:22750: checking for error_at_line
configure:22771: gcc -o conftest -g -O2 -Wall   conftest.c  >&5
conftest.c: In function 'main':
conftest.c:85:1: warning: implicit declaration of function 'error_at_line' [-Wimplicit-function-declaration]
configure:22777: $? = 0
configure:22781: test -z 
			 || test ! -s conftest.err
configure:22784: $? = 0
configure:22787: test -s conftest
configure:22790: $? = 0
configure:22802: result: yes
configure:22896: checking whether to use external talloc
configure:23247: result: no (build bundled library)
configure:23256: checking for stdarg.h
configure:23261: result: yes
configure:23265: checking vararg.h usability
configure:23277: gcc -c -g -O2 -Wall  conftest.c >&5
conftest.c:83:20: fatal error: vararg.h: No such file or directory
compilation terminated.
configure:23283: $? = 1
configure: failed program was:
| /* confdefs.h.  */
| 
| #define PACKAGE_NAME "djmount"
| #define PACKAGE_TARNAME "djmount"
| #define PACKAGE_VERSION "0.71"
| #define PACKAGE_STRING "djmount 0.71"
| #define PACKAGE_BUGREPORT "r3mi@users.sourceforge.net"
| #define PACKAGE "djmount"
| #define VERSION "0.71"
| #define DEBUG 1
| #define HAVE_CHARSET 1
| #define STDC_HEADERS 1
| #define HAVE_SYS_TYPES_H 1
| #define HAVE_SYS_STAT_H 1
| #define HAVE_STDLIB_H 1
| #define HAVE_STRING_H 1
| #define HAVE_MEMORY_H 1
| #define HAVE_STRINGS_H 1
| #define HAVE_INTTYPES_H 1
| #define HAVE_STDINT_H 1
| #define HAVE_UNISTD_H 1
| #define HAVE_DLFCN_H 1
| #ifdef __cplusplus
| extern "C" void exit (int) throw ();
| #endif
| #define _FILE_OFFSET_BITS 64
| #define HAVE_DIRENT_H 1
| #define STDC_HEADERS 1
| #define HAVE_INTTYPES_H 1
| #define HAVE_STDDEF_H 1
| #define HAVE_STDINT_H 1
| #define HAVE_STDARG_H 1
| #define HAVE_LOCALE_H 1
| #define HAVE_LANGINFO_H 1
| #define HAVE__BOOL 1
| #define HAVE_STDBOOL_H 1
| #define HAVE_SETXATTR 1
| #define HAVE_MKTIME 1
| #define HAVE_SETLOCALE 1
| #define HAVE_FSEEKO 1
| #define HAVE_OPEN_MEMSTREAM 1
| #define _GNU_SOURCE 1
| #define HAVE_DECL_STRERROR_R 1
| #define HAVE_STRERROR_R 1
| #define STRERROR_R_CHAR_P 1
| #define HAVE_MINMAX_IN_SYS_PARAM_H 1
| #define HAVE_STDARG_H 1
| /* end confdefs.h.  */
| #include <stdio.h>
| #if HAVE_SYS_TYPES_H
| # include <sys/types.h>
| #endif
| #if HAVE_SYS_STAT_H
| # include <sys/stat.h>
| #endif
| #if STDC_HEADERS
| # include <stdlib.h>
| # include <stddef.h>
| #else
| # if HAVE_STDLIB_H
| #  include <stdlib.h>
| # endif
| #endif
| #if HAVE_STRING_H
| # if !STDC_HEADERS && HAVE_MEMORY_H
| #  include <memory.h>
| # endif
| # include <string.h>
| #endif
| #if HAVE_STRINGS_H
| # include <strings.h>
| #endif
| #if HAVE_INTTYPES_H
| # include <inttypes.h>
| #else
| # if HAVE_STDINT_H
| #  include <stdint.h>
| # endif
| #endif
| #if HAVE_UNISTD_H
| # include <unistd.h>
| #endif
| #include <vararg.h>
configure:23306: result: no
configure:23310: checking vararg.h presence
configure:23320: gcc -E  conftest.c
conftest.c:49:20: fatal error: vararg.h: No such file or directory
compilation terminated.
configure:23326: $? = 1
configure: failed program was:
| /* confdefs.h.  */
| 
| #define PACKAGE_NAME "djmount"
| #define PACKAGE_TARNAME "djmount"
| #define PACKAGE_VERSION "0.71"
| #define PACKAGE_STRING "djmount 0.71"
| #define PACKAGE_BUGREPORT "r3mi@users.sourceforge.net"
| #define PACKAGE "djmount"
| #define VERSION "0.71"
| #define DEBUG 1
| #define HAVE_CHARSET 1
| #define STDC_HEADERS 1
| #define HAVE_SYS_TYPES_H 1
| #define HAVE_SYS_STAT_H 1
| #define HAVE_STDLIB_H 1
| #define HAVE_STRING_H 1
| #define HAVE_MEMORY_H 1
| #define HAVE_STRINGS_H 1
| #define HAVE_INTTYPES_H 1
| #define HAVE_STDINT_H 1
| #define HAVE_UNISTD_H 1
| #define HAVE_DLFCN_H 1
| #ifdef __cplusplus
| extern "C" void exit (int) throw ();
| #endif
| #define _FILE_OFFSET_BITS 64
| #define HAVE_DIRENT_H 1
| #define STDC_HEADERS 1
| #define HAVE_INTTYPES_H 1
| #define HAVE_STDDEF_H 1
| #define HAVE_STDINT_H 1
| #define HAVE_STDARG_H 1
| #define HAVE_LOCALE_H 1
| #define HAVE_LANGINFO_H 1
| #define HAVE__BOOL 1
| #define HAVE_STDBOOL_H 1
| #define HAVE_SETXATTR 1
| #define HAVE_MKTIME 1
| #define HAVE_SETLOCALE 1
| #define HAVE_FSEEKO 1
| #define HAVE_OPEN_MEMSTREAM 1
| #define _GNU_SOURCE 1
| #define HAVE_DECL_STRERROR_R 1
| #define HAVE_STRERROR_R 1
| #define STRERROR_R_CHAR_P 1
| #define HAVE_MINMAX_IN_SYS_PARAM_H 1
| #define HAVE_STDARG_H 1
| /* end confdefs.h.  */
| #include <vararg.h>
configure:23346: result: no
configure:23381: checking for vararg.h
configure:23388: result: no
configure:23402: checking for va_copy
configure:23425: gcc -o conftest -g -O2 -Wall   conftest.c  >&5
configure:23431: $? = 0
configure:23435: test -z 
			 || test ! -s conftest.err
configure:23438: $? = 0
configure:23441: test -s conftest
configure:23444: $? = 0
configure:23456: result: yes
configure:23532: checking for intptr_t
configure:23556: gcc -c -g -O2 -Wall  conftest.c >&5
configure:23562: $? = 0
configure:23566: test -z 
			 || test ! -s conftest.err
configure:23569: $? = 0
configure:23572: test -s conftest.o
configure:23575: $? = 0
configure:23586: result: yes
configure:23598: checking for size_t
configure:23622: gcc -c -g -O2 -Wall  conftest.c >&5
configure:23628: $? = 0
configure:23632: test -z 
			 || test ! -s conftest.err
configure:23635: $? = 0
configure:23638: test -s conftest.o
configure:23641: $? = 0
configure:23652: result: yes
configure:23655: checking size of size_t
configure:23974: gcc -o conftest -g -O2 -Wall   conftest.c  >&5
configure:23977: $? = 0
configure:23979: ./conftest
configure:23982: $? = 0
configure:24005: result: 4
configure:24012: checking for void *
configure:24036: gcc -c -g -O2 -Wall  conftest.c >&5
configure:24042: $? = 0
configure:24046: test -z 
			 || test ! -s conftest.err
configure:24049: $? = 0
configure:24052: test -s conftest.o
configure:24055: $? = 0
configure:24066: result: yes
configure:24069: checking size of void *
configure:24388: gcc -o conftest -g -O2 -Wall   conftest.c  >&5
configure:24391: $? = 0
configure:24393: ./conftest
configure:24396: $? = 0
configure:24419: result: 4
configure:24465: checking for a readline compatible library
configure:24503: gcc -o conftest -g -O2 -Wall   conftest.c  -lreadline >&5
/usr/bin/ld: cannot find -lreadline
collect2: ld returned 1 exit status
configure:24509: $? = 1
configure: failed program was:
| /* confdefs.h.  */
| 
| #define PACKAGE_NAME "djmount"
| #define PACKAGE_TARNAME "djmount"
| #define PACKAGE_VERSION "0.71"
| #define PACKAGE_STRING "djmount 0.71"
| #define PACKAGE_BUGREPORT "r3mi@users.sourceforge.net"
| #define PACKAGE "djmount"
| #define VERSION "0.71"
| #define DEBUG 1
| #define HAVE_CHARSET 1
| #define STDC_HEADERS 1
| #define HAVE_SYS_TYPES_H 1
| #define HAVE_SYS_STAT_H 1
| #define HAVE_STDLIB_H 1
| #define HAVE_STRING_H 1
| #define HAVE_MEMORY_H 1
| #define HAVE_STRINGS_H 1
| #define HAVE_INTTYPES_H 1
| #define HAVE_STDINT_H 1
| #define HAVE_UNISTD_H 1
| #define HAVE_DLFCN_H 1
| #ifdef __cplusplus
| extern "C" void exit (int) throw ();
| #endif
| #define _FILE_OFFSET_BITS 64
| #define HAVE_DIRENT_H 1
| #define STDC_HEADERS 1
| #define HAVE_INTTYPES_H 1
| #define HAVE_STDDEF_H 1
| #define HAVE_STDINT_H 1
| #define HAVE_STDARG_H 1
| #define HAVE_LOCALE_H 1
| #define HAVE_LANGINFO_H 1
| #define HAVE__BOOL 1
| #define HAVE_STDBOOL_H 1
| #define HAVE_SETXATTR 1
| #define HAVE_MKTIME 1
| #define HAVE_SETLOCALE 1
| #define HAVE_FSEEKO 1
| #define HAVE_OPEN_MEMSTREAM 1
| #define _GNU_SOURCE 1
| #define HAVE_DECL_STRERROR_R 1
| #define HAVE_STRERROR_R 1
| #define STRERROR_R_CHAR_P 1
| #define HAVE_MINMAX_IN_SYS_PARAM_H 1
| #define HAVE_STDARG_H 1
| #define HAVE_VA_COPY 1
| #define SIZEOF_SIZE_T 4
| #define SIZEOF_VOID_P 4
| /* end confdefs.h.  */
| 
| /* Override any gcc2 internal prototype to avoid an error.  */
| #ifdef __cplusplus
| extern "C"
| #endif
| /* We use char because int might match the return type of a gcc2
|    builtin and then its argument prototype would still apply.  */
| char readline ();
| int
| main ()
| {
| readline ();
|   ;
|   return 0;
| }
configure:24503: gcc -o conftest -g -O2 -Wall   conftest.c  -lreadline -ltermcap >&5
/usr/bin/ld: cannot find -lreadline
/usr/bin/ld: cannot find -ltermcap
collect2: ld returned 1 exit status
configure:24509: $? = 1
configure: failed program was:
| /* confdefs.h.  */
| 
| #define PACKAGE_NAME "djmount"
| #define PACKAGE_TARNAME "djmount"
| #define PACKAGE_VERSION "0.71"
| #define PACKAGE_STRING "djmount 0.71"
| #define PACKAGE_BUGREPORT "r3mi@users.sourceforge.net"
| #define PACKAGE "djmount"
| #define VERSION "0.71"
| #define DEBUG 1
| #define HAVE_CHARSET 1
| #define STDC_HEADERS 1
| #define HAVE_SYS_TYPES_H 1
| #define HAVE_SYS_STAT_H 1
| #define HAVE_STDLIB_H 1
| #define HAVE_STRING_H 1
| #define HAVE_MEMORY_H 1
| #define HAVE_STRINGS_H 1
| #define HAVE_INTTYPES_H 1
| #define HAVE_STDINT_H 1
| #define HAVE_UNISTD_H 1
| #define HAVE_DLFCN_H 1
| #ifdef __cplusplus
| extern "C" void exit (int) throw ();
| #endif
| #define _FILE_OFFSET_BITS 64
| #define HAVE_DIRENT_H 1
| #define STDC_HEADERS 1
| #define HAVE_INTTYPES_H 1
| #define HAVE_STDDEF_H 1
| #define HAVE_STDINT_H 1
| #define HAVE_STDARG_H 1
| #define HAVE_LOCALE_H 1
| #define HAVE_LANGINFO_H 1
| #define HAVE__BOOL 1
| #define HAVE_STDBOOL_H 1
| #define HAVE_SETXATTR 1
| #define HAVE_MKTIME 1
| #define HAVE_SETLOCALE 1
| #define HAVE_FSEEKO 1
| #define HAVE_OPEN_MEMSTREAM 1
| #define _GNU_SOURCE 1
| #define HAVE_DECL_STRERROR_R 1
| #define HAVE_STRERROR_R 1
| #define STRERROR_R_CHAR_P 1
| #define HAVE_MINMAX_IN_SYS_PARAM_H 1
| #define HAVE_STDARG_H 1
| #define HAVE_VA_COPY 1
| #define SIZEOF_SIZE_T 4
| #define SIZEOF_VOID_P 4
| /* end confdefs.h.  */
| 
| /* Override any gcc2 internal prototype to avoid an error.  */
| #ifdef __cplusplus
| extern "C"
| #endif
| /* We use char because int might match the return type of a gcc2
|    builtin and then its argument prototype would still apply.  */
| char readline ();
| int
| main ()
| {
| readline ();
|   ;
|   return 0;
| }
configure:24503: gcc -o conftest -g -O2 -Wall   conftest.c  -lreadline -lcurses >&5
/usr/bin/ld: cannot find -lreadline
/usr/bin/ld: cannot find -lcurses
collect2: ld returned 1 exit status
configure:24509: $? = 1
configure: failed program was:
| /* confdefs.h.  */
| 
| #define PACKAGE_NAME "djmount"
| #define PACKAGE_TARNAME "djmount"
| #define PACKAGE_VERSION "0.71"
| #define PACKAGE_STRING "djmount 0.71"
| #define PACKAGE_BUGREPORT "r3mi@users.sourceforge.net"
| #define PACKAGE "djmount"
| #define VERSION "0.71"
| #define DEBUG 1
| #define HAVE_CHARSET 1
| #define STDC_HEADERS 1
| #define HAVE_SYS_TYPES_H 1
| #define HAVE_SYS_STAT_H 1
| #define HAVE_STDLIB_H 1
| #define HAVE_STRING_H 1
| #define HAVE_MEMORY_H 1
| #define HAVE_STRINGS_H 1
| #define HAVE_INTTYPES_H 1
| #define HAVE_STDINT_H 1
| #define HAVE_UNISTD_H 1
| #define HAVE_DLFCN_H 1
| #ifdef __cplusplus
| extern "C" void exit (int) throw ();
| #endif
| #define _FILE_OFFSET_BITS 64
| #define HAVE_DIRENT_H 1
| #define STDC_HEADERS 1
| #define HAVE_INTTYPES_H 1
| #define HAVE_STDDEF_H 1
| #define HAVE_STDINT_H 1
| #define HAVE_STDARG_H 1
| #define HAVE_LOCALE_H 1
| #define HAVE_LANGINFO_H 1
| #define HAVE__BOOL 1
| #define HAVE_STDBOOL_H 1
| #define HAVE_SETXATTR 1
| #define HAVE_MKTIME 1
| #define HAVE_SETLOCALE 1
| #define HAVE_FSEEKO 1
| #define HAVE_OPEN_MEMSTREAM 1
| #define _GNU_SOURCE 1
| #define HAVE_DECL_STRERROR_R 1
| #define HAVE_STRERROR_R 1
| #define STRERROR_R_CHAR_P 1
| #define HAVE_MINMAX_IN_SYS_PARAM_H 1
| #define HAVE_STDARG_H 1
| #define HAVE_VA_COPY 1
| #define SIZEOF_SIZE_T 4
| #define SIZEOF_VOID_P 4
| /* end confdefs.h.  */
| 
| /* Override any gcc2 internal prototype to avoid an error.  */
| #ifdef __cplusplus
| extern "C"
| #endif
| /* We use char because int might match the return type of a gcc2
|    builtin and then its argument prototype would still apply.  */
| char readline ();
| int
| main ()
| {
| readline ();
|   ;
|   return 0;
| }
configure:24503: gcc -o conftest -g -O2 -Wall   conftest.c  -lreadline -lncurses >&5
/usr/bin/ld: cannot find -lreadline
/usr/bin/ld: cannot find -lncurses
collect2: ld returned 1 exit status
configure:24509: $? = 1
configure: failed program was:
| /* confdefs.h.  */
| 
| #define PACKAGE_NAME "djmount"
| #define PACKAGE_TARNAME "djmount"
| #define PACKAGE_VERSION "0.71"
| #define PACKAGE_STRING "djmount 0.71"
| #define PACKAGE_BUGREPORT "r3mi@users.sourceforge.net"
| #define PACKAGE "djmount"
| #define VERSION "0.71"
| #define DEBUG 1
| #define HAVE_CHARSET 1
| #define STDC_HEADERS 1
| #define HAVE_SYS_TYPES_H 1
| #define HAVE_SYS_STAT_H 1
| #define HAVE_STDLIB_H 1
| #define HAVE_STRING_H 1
| #define HAVE_MEMORY_H 1
| #define HAVE_STRINGS_H 1
| #define HAVE_INTTYPES_H 1
| #define HAVE_STDINT_H 1
| #define HAVE_UNISTD_H 1
| #define HAVE_DLFCN_H 1
| #ifdef __cplusplus
| extern "C" void exit (int) throw ();
| #endif
| #define _FILE_OFFSET_BITS 64
| #define HAVE_DIRENT_H 1
| #define STDC_HEADERS 1
| #define HAVE_INTTYPES_H 1
| #define HAVE_STDDEF_H 1
| #define HAVE_STDINT_H 1
| #define HAVE_STDARG_H 1
| #define HAVE_LOCALE_H 1
| #define HAVE_LANGINFO_H 1
| #define HAVE__BOOL 1
| #define HAVE_STDBOOL_H 1
| #define HAVE_SETXATTR 1
| #define HAVE_MKTIME 1
| #define HAVE_SETLOCALE 1
| #define HAVE_FSEEKO 1
| #define HAVE_OPEN_MEMSTREAM 1
| #define _GNU_SOURCE 1
| #define HAVE_DECL_STRERROR_R 1
| #define HAVE_STRERROR_R 1
| #define STRERROR_R_CHAR_P 1
| #define HAVE_MINMAX_IN_SYS_PARAM_H 1
| #define HAVE_STDARG_H 1
| #define HAVE_VA_COPY 1
| #define SIZEOF_SIZE_T 4
| #define SIZEOF_VOID_P 4
| /* end confdefs.h.  */
| 
| /* Override any gcc2 internal prototype to avoid an error.  */
| #ifdef __cplusplus
| extern "C"
| #endif
| /* We use char because int might match the return type of a gcc2
|    builtin and then its argument prototype would still apply.  */
| char readline ();
| int
| main ()
| {
| readline ();
|   ;
|   return 0;
| }
configure:24503: gcc -o conftest -g -O2 -Wall   conftest.c  -ledit >&5
/usr/bin/ld: cannot find -ledit
collect2: ld returned 1 exit status
configure:24509: $? = 1
configure: failed program was:
| /* confdefs.h.  */
| 
| #define PACKAGE_NAME "djmount"
| #define PACKAGE_TARNAME "djmount"
| #define PACKAGE_VERSION "0.71"
| #define PACKAGE_STRING "djmount 0.71"
| #define PACKAGE_BUGREPORT "r3mi@users.sourceforge.net"
| #define PACKAGE "djmount"
| #define VERSION "0.71"
| #define DEBUG 1
| #define HAVE_CHARSET 1
| #define STDC_HEADERS 1
| #define HAVE_SYS_TYPES_H 1
| #define HAVE_SYS_STAT_H 1
| #define HAVE_STDLIB_H 1
| #define HAVE_STRING_H 1
| #define HAVE_MEMORY_H 1
| #define HAVE_STRINGS_H 1
| #define HAVE_INTTYPES_H 1
| #define HAVE_STDINT_H 1
| #define HAVE_UNISTD_H 1
| #define HAVE_DLFCN_H 1
| #ifdef __cplusplus
| extern "C" void exit (int) throw ();
| #endif
| #define _FILE_OFFSET_BITS 64
| #define HAVE_DIRENT_H 1
| #define STDC_HEADERS 1
| #define HAVE_INTTYPES_H 1
| #define HAVE_STDDEF_H 1
| #define HAVE_STDINT_H 1
| #define HAVE_STDARG_H 1
| #define HAVE_LOCALE_H 1
| #define HAVE_LANGINFO_H 1
| #define HAVE__BOOL 1
| #define HAVE_STDBOOL_H 1
| #define HAVE_SETXATTR 1
| #define HAVE_MKTIME 1
| #define HAVE_SETLOCALE 1
| #define HAVE_FSEEKO 1
| #define HAVE_OPEN_MEMSTREAM 1
| #define _GNU_SOURCE 1
| #define HAVE_DECL_STRERROR_R 1
| #define HAVE_STRERROR_R 1
| #define STRERROR_R_CHAR_P 1
| #define HAVE_MINMAX_IN_SYS_PARAM_H 1
| #define HAVE_STDARG_H 1
| #define HAVE_VA_COPY 1
| #define SIZEOF_SIZE_T 4
| #define SIZEOF_VOID_P 4
| /* end confdefs.h.  */
| 
| /* Override any gcc2 internal prototype to avoid an error.  */
| #ifdef __cplusplus
| extern "C"
| #endif
| /* We use char because int might match the return type of a gcc2
|    builtin and then its argument prototype would still apply.  */
| char readline ();
| int
| main ()
| {
| readline ();
|   ;
|   return 0;
| }
configure:24503: gcc -o conftest -g -O2 -Wall   conftest.c  -ledit -ltermcap >&5
/usr/bin/ld: cannot find -ledit
/usr/bin/ld: cannot find -ltermcap
collect2: ld returned 1 exit status
configure:24509: $? = 1
configure: failed program was:
| /* confdefs.h.  */
| 
| #define PACKAGE_NAME "djmount"
| #define PACKAGE_TARNAME "djmount"
| #define PACKAGE_VERSION "0.71"
| #define PACKAGE_STRING "djmount 0.71"
| #define PACKAGE_BUGREPORT "r3mi@users.sourceforge.net"
| #define PACKAGE "djmount"
| #define VERSION "0.71"
| #define DEBUG 1
| #define HAVE_CHARSET 1
| #define STDC_HEADERS 1
| #define HAVE_SYS_TYPES_H 1
| #define HAVE_SYS_STAT_H 1
| #define HAVE_STDLIB_H 1
| #define HAVE_STRING_H 1
| #define HAVE_MEMORY_H 1
| #define HAVE_STRINGS_H 1
| #define HAVE_INTTYPES_H 1
| #define HAVE_STDINT_H 1
| #define HAVE_UNISTD_H 1
| #define HAVE_DLFCN_H 1
| #ifdef __cplusplus
| extern "C" void exit (int) throw ();
| #endif
| #define _FILE_OFFSET_BITS 64
| #define HAVE_DIRENT_H 1
| #define STDC_HEADERS 1
| #define HAVE_INTTYPES_H 1
| #define HAVE_STDDEF_H 1
| #define HAVE_STDINT_H 1
| #define HAVE_STDARG_H 1
| #define HAVE_LOCALE_H 1
| #define HAVE_LANGINFO_H 1
| #define HAVE__BOOL 1
| #define HAVE_STDBOOL_H 1
| #define HAVE_SETXATTR 1
| #define HAVE_MKTIME 1
| #define HAVE_SETLOCALE 1
| #define HAVE_FSEEKO 1
| #define HAVE_OPEN_MEMSTREAM 1
| #define _GNU_SOURCE 1
| #define HAVE_DECL_STRERROR_R 1
| #define HAVE_STRERROR_R 1
| #define STRERROR_R_CHAR_P 1
| #define HAVE_MINMAX_IN_SYS_PARAM_H 1
| #define HAVE_STDARG_H 1
| #define HAVE_VA_COPY 1
| #define SIZEOF_SIZE_T 4
| #define SIZEOF_VOID_P 4
| /* end confdefs.h.  */
| 
| /* Override any gcc2 internal prototype to avoid an error.  */
| #ifdef __cplusplus
| extern "C"
| #endif
| /* We use char because int might match the return type of a gcc2
|    builtin and then its argument prototype would still apply.  */
| char readline ();
| int
| main ()
| {
| readline ();
|   ;
|   return 0;
| }
configure:24503: gcc -o conftest -g -O2 -Wall   conftest.c  -ledit -lcurses >&5
/usr/bin/ld: cannot find -ledit
/usr/bin/ld: cannot find -lcurses
collect2: ld returned 1 exit status
configure:24509: $? = 1
configure: failed program was:
| /* confdefs.h.  */
| 
| #define PACKAGE_NAME "djmount"
| #define PACKAGE_TARNAME "djmount"
| #define PACKAGE_VERSION "0.71"
| #define PACKAGE_STRING "djmount 0.71"
| #define PACKAGE_BUGREPORT "r3mi@users.sourceforge.net"
| #define PACKAGE "djmount"
| #define VERSION "0.71"
| #define DEBUG 1
| #define HAVE_CHARSET 1
| #define STDC_HEADERS 1
| #define HAVE_SYS_TYPES_H 1
| #define HAVE_SYS_STAT_H 1
| #define HAVE_STDLIB_H 1
| #define HAVE_STRING_H 1
| #define HAVE_MEMORY_H 1
| #define HAVE_STRINGS_H 1
| #define HAVE_INTTYPES_H 1
| #define HAVE_STDINT_H 1
| #define HAVE_UNISTD_H 1
| #define HAVE_DLFCN_H 1
| #ifdef __cplusplus
| extern "C" void exit (int) throw ();
| #endif
| #define _FILE_OFFSET_BITS 64
| #define HAVE_DIRENT_H 1
| #define STDC_HEADERS 1
| #define HAVE_INTTYPES_H 1
| #define HAVE_STDDEF_H 1
| #define HAVE_STDINT_H 1
| #define HAVE_STDARG_H 1
| #define HAVE_LOCALE_H 1
| #define HAVE_LANGINFO_H 1
| #define HAVE__BOOL 1
| #define HAVE_STDBOOL_H 1
| #define HAVE_SETXATTR 1
| #define HAVE_MKTIME 1
| #define HAVE_SETLOCALE 1
| #define HAVE_FSEEKO 1
| #define HAVE_OPEN_MEMSTREAM 1
| #define _GNU_SOURCE 1
| #define HAVE_DECL_STRERROR_R 1
| #define HAVE_STRERROR_R 1
| #define STRERROR_R_CHAR_P 1
| #define HAVE_MINMAX_IN_SYS_PARAM_H 1
| #define HAVE_STDARG_H 1
| #define HAVE_VA_COPY 1
| #define SIZEOF_SIZE_T 4
| #define SIZEOF_VOID_P 4
| /* end confdefs.h.  */
| 
| /* Override any gcc2 internal prototype to avoid an error.  */
| #ifdef __cplusplus
| extern "C"
| #endif
| /* We use char because int might match the return type of a gcc2
|    builtin and then its argument prototype would still apply.  */
| char readline ();
| int
| main ()
| {
| readline ();
|   ;
|   return 0;
| }
configure:24503: gcc -o conftest -g -O2 -Wall   conftest.c  -ledit -lncurses >&5
/usr/bin/ld: cannot find -ledit
/usr/bin/ld: cannot find -lncurses
collect2: ld returned 1 exit status
configure:24509: $? = 1
configure: failed program was:
| /* confdefs.h.  */
| 
| #define PACKAGE_NAME "djmount"
| #define PACKAGE_TARNAME "djmount"
| #define PACKAGE_VERSION "0.71"
| #define PACKAGE_STRING "djmount 0.71"
| #define PACKAGE_BUGREPORT "r3mi@users.sourceforge.net"
| #define PACKAGE "djmount"
| #define VERSION "0.71"
| #define DEBUG 1
| #define HAVE_CHARSET 1
| #define STDC_HEADERS 1
| #define HAVE_SYS_TYPES_H 1
| #define HAVE_SYS_STAT_H 1
| #define HAVE_STDLIB_H 1
| #define HAVE_STRING_H 1
| #define HAVE_MEMORY_H 1
| #define HAVE_STRINGS_H 1
| #define HAVE_INTTYPES_H 1
| #define HAVE_STDINT_H 1
| #define HAVE_UNISTD_H 1
| #define HAVE_DLFCN_H 1
| #ifdef __cplusplus
| extern "C" void exit (int) throw ();
| #endif
| #define _FILE_OFFSET_BITS 64
| #define HAVE_DIRENT_H 1
| #define STDC_HEADERS 1
| #define HAVE_INTTYPES_H 1
| #define HAVE_STDDEF_H 1
| #define HAVE_STDINT_H 1
| #define HAVE_STDARG_H 1
| #define HAVE_LOCALE_H 1
| #define HAVE_LANGINFO_H 1
| #define HAVE__BOOL 1
| #define HAVE_STDBOOL_H 1
| #define HAVE_SETXATTR 1
| #define HAVE_MKTIME 1
| #define HAVE_SETLOCALE 1
| #define HAVE_FSEEKO 1
| #define HAVE_OPEN_MEMSTREAM 1
| #define _GNU_SOURCE 1
| #define HAVE_DECL_STRERROR_R 1
| #define HAVE_STRERROR_R 1
| #define STRERROR_R_CHAR_P 1
| #define HAVE_MINMAX_IN_SYS_PARAM_H 1
| #define HAVE_STDARG_H 1
| #define HAVE_VA_COPY 1
| #define SIZEOF_SIZE_T 4
| #define SIZEOF_VOID_P 4
| /* end confdefs.h.  */
| 
| /* Override any gcc2 internal prototype to avoid an error.  */
| #ifdef __cplusplus
| extern "C"
| #endif
| /* We use char because int might match the return type of a gcc2
|    builtin and then its argument prototype would still apply.  */
| char readline ();
| int
| main ()
| {
| readline ();
|   ;
|   return 0;
| }
configure:24503: gcc -o conftest -g -O2 -Wall   conftest.c  -leditline >&5
/usr/bin/ld: cannot find -leditline
collect2: ld returned 1 exit status
configure:24509: $? = 1
configure: failed program was:
| /* confdefs.h.  */
| 
| #define PACKAGE_NAME "djmount"
| #define PACKAGE_TARNAME "djmount"
| #define PACKAGE_VERSION "0.71"
| #define PACKAGE_STRING "djmount 0.71"
| #define PACKAGE_BUGREPORT "r3mi@users.sourceforge.net"
| #define PACKAGE "djmount"
| #define VERSION "0.71"
| #define DEBUG 1
| #define HAVE_CHARSET 1
| #define STDC_HEADERS 1
| #define HAVE_SYS_TYPES_H 1
| #define HAVE_SYS_STAT_H 1
| #define HAVE_STDLIB_H 1
| #define HAVE_STRING_H 1
| #define HAVE_MEMORY_H 1
| #define HAVE_STRINGS_H 1
| #define HAVE_INTTYPES_H 1
| #define HAVE_STDINT_H 1
| #define HAVE_UNISTD_H 1
| #define HAVE_DLFCN_H 1
| #ifdef __cplusplus
| extern "C" void exit (int) throw ();
| #endif
| #define _FILE_OFFSET_BITS 64
| #define HAVE_DIRENT_H 1
| #define STDC_HEADERS 1
| #define HAVE_INTTYPES_H 1
| #define HAVE_STDDEF_H 1
| #define HAVE_STDINT_H 1
| #define HAVE_STDARG_H 1
| #define HAVE_LOCALE_H 1
| #define HAVE_LANGINFO_H 1
| #define HAVE__BOOL 1
| #define HAVE_STDBOOL_H 1
| #define HAVE_SETXATTR 1
| #define HAVE_MKTIME 1
| #define HAVE_SETLOCALE 1
| #define HAVE_FSEEKO 1
| #define HAVE_OPEN_MEMSTREAM 1
| #define _GNU_SOURCE 1
| #define HAVE_DECL_STRERROR_R 1
| #define HAVE_STRERROR_R 1
| #define STRERROR_R_CHAR_P 1
| #define HAVE_MINMAX_IN_SYS_PARAM_H 1
| #define HAVE_STDARG_H 1
| #define HAVE_VA_COPY 1
| #define SIZEOF_SIZE_T 4
| #define SIZEOF_VOID_P 4
| /* end confdefs.h.  */
| 
| /* Override any gcc2 internal prototype to avoid an error.  */
| #ifdef __cplusplus
| extern "C"
| #endif
| /* We use char because int might match the return type of a gcc2
|    builtin and then its argument prototype would still apply.  */
| char readline ();
| int
| main ()
| {
| readline ();
|   ;
|   return 0;
| }
configure:24503: gcc -o conftest -g -O2 -Wall   conftest.c  -leditline -ltermcap >&5
/usr/bin/ld: cannot find -leditline
/usr/bin/ld: cannot find -ltermcap
collect2: ld returned 1 exit status
configure:24509: $? = 1
configure: failed program was:
| /* confdefs.h.  */
| 
| #define PACKAGE_NAME "djmount"
| #define PACKAGE_TARNAME "djmount"
| #define PACKAGE_VERSION "0.71"
| #define PACKAGE_STRING "djmount 0.71"
| #define PACKAGE_BUGREPORT "r3mi@users.sourceforge.net"
| #define PACKAGE "djmount"
| #define VERSION "0.71"
| #define DEBUG 1
| #define HAVE_CHARSET 1
| #define STDC_HEADERS 1
| #define HAVE_SYS_TYPES_H 1
| #define HAVE_SYS_STAT_H 1
| #define HAVE_STDLIB_H 1
| #define HAVE_STRING_H 1
| #define HAVE_MEMORY_H 1
| #define HAVE_STRINGS_H 1
| #define HAVE_INTTYPES_H 1
| #define HAVE_STDINT_H 1
| #define HAVE_UNISTD_H 1
| #define HAVE_DLFCN_H 1
| #ifdef __cplusplus
| extern "C" void exit (int) throw ();
| #endif
| #define _FILE_OFFSET_BITS 64
| #define HAVE_DIRENT_H 1
| #define STDC_HEADERS 1
| #define HAVE_INTTYPES_H 1
| #define HAVE_STDDEF_H 1
| #define HAVE_STDINT_H 1
| #define HAVE_STDARG_H 1
| #define HAVE_LOCALE_H 1
| #define HAVE_LANGINFO_H 1
| #define HAVE__BOOL 1
| #define HAVE_STDBOOL_H 1
| #define HAVE_SETXATTR 1
| #define HAVE_MKTIME 1
| #define HAVE_SETLOCALE 1
| #define HAVE_FSEEKO 1
| #define HAVE_OPEN_MEMSTREAM 1
| #define _GNU_SOURCE 1
| #define HAVE_DECL_STRERROR_R 1
| #define HAVE_STRERROR_R 1
| #define STRERROR_R_CHAR_P 1
| #define HAVE_MINMAX_IN_SYS_PARAM_H 1
| #define HAVE_STDARG_H 1
| #define HAVE_VA_COPY 1
| #define SIZEOF_SIZE_T 4
| #define SIZEOF_VOID_P 4
| /* end confdefs.h.  */
| 
| /* Override any gcc2 internal prototype to avoid an error.  */
| #ifdef __cplusplus
| extern "C"
| #endif
| /* We use char because int might match the return type of a gcc2
|    builtin and then its argument prototype would still apply.  */
| char readline ();
| int
| main ()
| {
| readline ();
|   ;
|   return 0;
| }
configure:24503: gcc -o conftest -g -O2 -Wall   conftest.c  -leditline -lcurses >&5
/usr/bin/ld: cannot find -leditline
/usr/bin/ld: cannot find -lcurses
collect2: ld returned 1 exit status
configure:24509: $? = 1
configure: failed program was:
| /* confdefs.h.  */
| 
| #define PACKAGE_NAME "djmount"
| #define PACKAGE_TARNAME "djmount"
| #define PACKAGE_VERSION "0.71"
| #define PACKAGE_STRING "djmount 0.71"
| #define PACKAGE_BUGREPORT "r3mi@users.sourceforge.net"
| #define PACKAGE "djmount"
| #define VERSION "0.71"
| #define DEBUG 1
| #define HAVE_CHARSET 1
| #define STDC_HEADERS 1
| #define HAVE_SYS_TYPES_H 1
| #define HAVE_SYS_STAT_H 1
| #define HAVE_STDLIB_H 1
| #define HAVE_STRING_H 1
| #define HAVE_MEMORY_H 1
| #define HAVE_STRINGS_H 1
| #define HAVE_INTTYPES_H 1
| #define HAVE_STDINT_H 1
| #define HAVE_UNISTD_H 1
| #define HAVE_DLFCN_H 1
| #ifdef __cplusplus
| extern "C" void exit (int) throw ();
| #endif
| #define _FILE_OFFSET_BITS 64
| #define HAVE_DIRENT_H 1
| #define STDC_HEADERS 1
| #define HAVE_INTTYPES_H 1
| #define HAVE_STDDEF_H 1
| #define HAVE_STDINT_H 1
| #define HAVE_STDARG_H 1
| #define HAVE_LOCALE_H 1
| #define HAVE_LANGINFO_H 1
| #define HAVE__BOOL 1
| #define HAVE_STDBOOL_H 1
| #define HAVE_SETXATTR 1
| #define HAVE_MKTIME 1
| #define HAVE_SETLOCALE 1
| #define HAVE_FSEEKO 1
| #define HAVE_OPEN_MEMSTREAM 1
| #define _GNU_SOURCE 1
| #define HAVE_DECL_STRERROR_R 1
| #define HAVE_STRERROR_R 1
| #define STRERROR_R_CHAR_P 1
| #define HAVE_MINMAX_IN_SYS_PARAM_H 1
| #define HAVE_STDARG_H 1
| #define HAVE_VA_COPY 1
| #define SIZEOF_SIZE_T 4
| #define SIZEOF_VOID_P 4
| /* end confdefs.h.  */
| 
| /* Override any gcc2 internal prototype to avoid an error.  */
| #ifdef __cplusplus
| extern "C"
| #endif
| /* We use char because int might match the return type of a gcc2
|    builtin and then its argument prototype would still apply.  */
| char readline ();
| int
| main ()
| {
| readline ();
|   ;
|   return 0;
| }
configure:24503: gcc -o conftest -g -O2 -Wall   conftest.c  -leditline -lncurses >&5
/usr/bin/ld: cannot find -leditline
/usr/bin/ld: cannot find -lncurses
collect2: ld returned 1 exit status
configure:24509: $? = 1
configure: failed program was:
| /* confdefs.h.  */
| 
| #define PACKAGE_NAME "djmount"
| #define PACKAGE_TARNAME "djmount"
| #define PACKAGE_VERSION "0.71"
| #define PACKAGE_STRING "djmount 0.71"
| #define PACKAGE_BUGREPORT "r3mi@users.sourceforge.net"
| #define PACKAGE "djmount"
| #define VERSION "0.71"
| #define DEBUG 1
| #define HAVE_CHARSET 1
| #define STDC_HEADERS 1
| #define HAVE_SYS_TYPES_H 1
| #define HAVE_SYS_STAT_H 1
| #define HAVE_STDLIB_H 1
| #define HAVE_STRING_H 1
| #define HAVE_MEMORY_H 1
| #define HAVE_STRINGS_H 1
| #define HAVE_INTTYPES_H 1
| #define HAVE_STDINT_H 1
| #define HAVE_UNISTD_H 1
| #define HAVE_DLFCN_H 1
| #ifdef __cplusplus
| extern "C" void exit (int) throw ();
| #endif
| #define _FILE_OFFSET_BITS 64
| #define HAVE_DIRENT_H 1
| #define STDC_HEADERS 1
| #define HAVE_INTTYPES_H 1
| #define HAVE_STDDEF_H 1
| #define HAVE_STDINT_H 1
| #define HAVE_STDARG_H 1
| #define HAVE_LOCALE_H 1
| #define HAVE_LANGINFO_H 1
| #define HAVE__BOOL 1
| #define HAVE_STDBOOL_H 1
| #define HAVE_SETXATTR 1
| #define HAVE_MKTIME 1
| #define HAVE_SETLOCALE 1
| #define HAVE_FSEEKO 1
| #define HAVE_OPEN_MEMSTREAM 1
| #define _GNU_SOURCE 1
| #define HAVE_DECL_STRERROR_R 1
| #define HAVE_STRERROR_R 1
| #define STRERROR_R_CHAR_P 1
| #define HAVE_MINMAX_IN_SYS_PARAM_H 1
| #define HAVE_STDARG_H 1
| #define HAVE_VA_COPY 1
| #define SIZEOF_SIZE_T 4
| #define SIZEOF_VOID_P 4
| /* end confdefs.h.  */
| 
| /* Override any gcc2 internal prototype to avoid an error.  */
| #ifdef __cplusplus
| extern "C"
| #endif
| /* We use char because int might match the return type of a gcc2
|    builtin and then its argument prototype would still apply.  */
| char readline ();
| int
| main ()
| {
| readline ();
|   ;
|   return 0;
| }
configure:24547: result: no
configure:24993: checking for ld used by GCC
configure:25057: result: /usr/bin/ld
configure:25066: checking if the linker (/usr/bin/ld) is GNU ld
configure:25079: result: yes
configure:25086: checking for shared library run path origin
configure:25099: result: done
configure:25529: checking for iconv
configure:25556: gcc -o conftest -g -O2 -Wall   conftest.c  >&5
configure:25562: $? = 0
configure:25566: test -z 
			 || test ! -s conftest.err
configure:25569: $? = 0
configure:25572: test -s conftest
configure:25575: $? = 0
configure:25641: result: yes
configure:25664: checking for iconv declaration
configure:25698: gcc -c -g -O2 -Wall  conftest.c >&5
configure:25704: $? = 0
configure:25708: test -z 
			 || test ! -s conftest.err
configure:25711: $? = 0
configure:25714: test -s conftest.o
configure:25717: $? = 0
configure:25732: result: 
         extern size_t iconv (iconv_t cd, char * *inbuf, size_t *inbytesleft, char * *outbuf, size_t *outbytesleft);
configure:25743: checking for nl_langinfo and CODESET
configure:25764: gcc -o conftest -g -O2 -Wall   conftest.c  >&5
conftest.c: In function 'main':
conftest.c:58:7: warning: unused variable 'cs' [-Wunused-variable]
configure:25770: $? = 0
configure:25774: test -z 
			 || test ! -s conftest.err
configure:25777: $? = 0
configure:25780: test -s conftest
configure:25783: $? = 0
configure:25796: result: yes
configure:26017: checking for the pthreads library -lpthreads
configure:26055: gcc -o conftest -g -O2 -Wall    conftest.c -lpthreads  >&5
conftest.c: In function 'main':
conftest.c:60:22: warning: null argument where non-null required (argument 1) [-Wnonnull]
conftest.c:61:22: warning: null argument where non-null required (argument 1) [-Wnonnull]
conftest.c:61:22: warning: null argument where non-null required (argument 3) [-Wnonnull]
conftest.c:59:27: warning: 'th' is used uninitialized in this function [-Wuninitialized]
/usr/bin/ld: cannot find -lpthreads
collect2: ld returned 1 exit status
configure:26061: $? = 1
configure: failed program was:
| /* confdefs.h.  */
| 
| #define PACKAGE_NAME "djmount"
| #define PACKAGE_TARNAME "djmount"
| #define PACKAGE_VERSION "0.71"
| #define PACKAGE_STRING "djmount 0.71"
| #define PACKAGE_BUGREPORT "r3mi@users.sourceforge.net"
| #define PACKAGE "djmount"
| #define VERSION "0.71"
| #define DEBUG 1
| #define HAVE_CHARSET 1
| #define STDC_HEADERS 1
| #define HAVE_SYS_TYPES_H 1
| #define HAVE_SYS_STAT_H 1
| #define HAVE_STDLIB_H 1
| #define HAVE_STRING_H 1
| #define HAVE_MEMORY_H 1
| #define HAVE_STRINGS_H 1
| #define HAVE_INTTYPES_H 1
| #define HAVE_STDINT_H 1
| #define HAVE_UNISTD_H 1
| #define HAVE_DLFCN_H 1
| #ifdef __cplusplus
| extern "C" void exit (int) throw ();
| #endif
| #define _FILE_OFFSET_BITS 64
| #define HAVE_DIRENT_H 1
| #define STDC_HEADERS 1
| #define HAVE_INTTYPES_H 1
| #define HAVE_STDDEF_H 1
| #define HAVE_STDINT_H 1
| #define HAVE_STDARG_H 1
| #define HAVE_LOCALE_H 1
| #define HAVE_LANGINFO_H 1
| #define HAVE__BOOL 1
| #define HAVE_STDBOOL_H 1
| #define HAVE_SETXATTR 1
| #define HAVE_MKTIME 1
| #define HAVE_SETLOCALE 1
| #define HAVE_FSEEKO 1
| #define HAVE_OPEN_MEMSTREAM 1
| #define _GNU_SOURCE 1
| #define HAVE_DECL_STRERROR_R 1
| #define HAVE_STRERROR_R 1
| #define STRERROR_R_CHAR_P 1
| #define HAVE_MINMAX_IN_SYS_PARAM_H 1
| #define HAVE_STDARG_H 1
| #define HAVE_VA_COPY 1
| #define SIZEOF_SIZE_T 4
| #define SIZEOF_VOID_P 4
| #define HAVE_ICONV 1
| #define ICONV_CONST 
| #define HAVE_LANGINFO_CODESET 1
| /* end confdefs.h.  */
| #include <pthread.h>
| int
| main ()
| {
| pthread_t th; pthread_join(th, 0);
|                      pthread_attr_init(0); pthread_cleanup_push(0, 0);
|                      pthread_create(0,0,0,0); pthread_cleanup_pop(0);
|   ;
|   return 0;
| }
configure:26088: result: no
configure:25964: checking whether pthreads work without any flags
configure:26055: gcc -o conftest -g -O2 -Wall    conftest.c   >&5
conftest.c: In function 'main':
conftest.c:60:22: warning: null argument where non-null required (argument 1) [-Wnonnull]
conftest.c:61:22: warning: null argument where non-null required (argument 1) [-Wnonnull]
conftest.c:61:22: warning: null argument where non-null required (argument 3) [-Wnonnull]
conftest.c:59:27: warning: 'th' is used uninitialized in this function [-Wuninitialized]
/tmp/ccMXPOXI.o: In function `main':
/home/lindsay/Downloads/djmount-0.71/conftest.c:59: undefined reference to `pthread_join'
/home/lindsay/Downloads/djmount-0.71/conftest.c:60: undefined reference to `__pthread_register_cancel'
/home/lindsay/Downloads/djmount-0.71/conftest.c:61: undefined reference to `pthread_create'
/home/lindsay/Downloads/djmount-0.71/conftest.c:61: undefined reference to `__pthread_unregister_cancel'
collect2: ld returned 1 exit status
configure:26061: $? = 1
configure: failed program was:
| /* confdefs.h.  */
| 
| #define PACKAGE_NAME "djmount"
| #define PACKAGE_TARNAME "djmount"
| #define PACKAGE_VERSION "0.71"
| #define PACKAGE_STRING "djmount 0.71"
| #define PACKAGE_BUGREPORT "r3mi@users.sourceforge.net"
| #define PACKAGE "djmount"
| #define VERSION "0.71"
| #define DEBUG 1
| #define HAVE_CHARSET 1
| #define STDC_HEADERS 1
| #define HAVE_SYS_TYPES_H 1
| #define HAVE_SYS_STAT_H 1
| #define HAVE_STDLIB_H 1
| #define HAVE_STRING_H 1
| #define HAVE_MEMORY_H 1
| #define HAVE_STRINGS_H 1
| #define HAVE_INTTYPES_H 1
| #define HAVE_STDINT_H 1
| #define HAVE_UNISTD_H 1
| #define HAVE_DLFCN_H 1
| #ifdef __cplusplus
| extern "C" void exit (int) throw ();
| #endif
| #define _FILE_OFFSET_BITS 64
| #define HAVE_DIRENT_H 1
| #define STDC_HEADERS 1
| #define HAVE_INTTYPES_H 1
| #define HAVE_STDDEF_H 1
| #define HAVE_STDINT_H 1
| #define HAVE_STDARG_H 1
| #define HAVE_LOCALE_H 1
| #define HAVE_LANGINFO_H 1
| #define HAVE__BOOL 1
| #define HAVE_STDBOOL_H 1
| #define HAVE_SETXATTR 1
| #define HAVE_MKTIME 1
| #define HAVE_SETLOCALE 1
| #define HAVE_FSEEKO 1
| #define HAVE_OPEN_MEMSTREAM 1
| #define _GNU_SOURCE 1
| #define HAVE_DECL_STRERROR_R 1
| #define HAVE_STRERROR_R 1
| #define STRERROR_R_CHAR_P 1
| #define HAVE_MINMAX_IN_SYS_PARAM_H 1
| #define HAVE_STDARG_H 1
| #define HAVE_VA_COPY 1
| #define SIZEOF_SIZE_T 4
| #define SIZEOF_VOID_P 4
| #define HAVE_ICONV 1
| #define ICONV_CONST 
| #define HAVE_LANGINFO_CODESET 1
| /* end confdefs.h.  */
| #include <pthread.h>
| int
| main ()
| {
| pthread_t th; pthread_join(th, 0);
|                      pthread_attr_init(0); pthread_cleanup_push(0, 0);
|                      pthread_create(0,0,0,0); pthread_cleanup_pop(0);
|   ;
|   return 0;
| }
configure:26088: result: no
configure:25969: checking whether pthreads work with -Kthread
configure:26055: gcc -o conftest -g -O2 -Wall -Kthread   conftest.c   >&5
gcc: error: unrecognized option '-Kthread'
configure:26061: $? = 1
configure: failed program was:
| /* confdefs.h.  */
| 
| #define PACKAGE_NAME "djmount"
| #define PACKAGE_TARNAME "djmount"
| #define PACKAGE_VERSION "0.71"
| #define PACKAGE_STRING "djmount 0.71"
| #define PACKAGE_BUGREPORT "r3mi@users.sourceforge.net"
| #define PACKAGE "djmount"
| #define VERSION "0.71"
| #define DEBUG 1
| #define HAVE_CHARSET 1
| #define STDC_HEADERS 1
| #define HAVE_SYS_TYPES_H 1
| #define HAVE_SYS_STAT_H 1
| #define HAVE_STDLIB_H 1
| #define HAVE_STRING_H 1
| #define HAVE_MEMORY_H 1
| #define HAVE_STRINGS_H 1
| #define HAVE_INTTYPES_H 1
| #define HAVE_STDINT_H 1
| #define HAVE_UNISTD_H 1
| #define HAVE_DLFCN_H 1
| #ifdef __cplusplus
| extern "C" void exit (int) throw ();
| #endif
| #define _FILE_OFFSET_BITS 64
| #define HAVE_DIRENT_H 1
| #define STDC_HEADERS 1
| #define HAVE_INTTYPES_H 1
| #define HAVE_STDDEF_H 1
| #define HAVE_STDINT_H 1
| #define HAVE_STDARG_H 1
| #define HAVE_LOCALE_H 1
| #define HAVE_LANGINFO_H 1
| #define HAVE__BOOL 1
| #define HAVE_STDBOOL_H 1
| #define HAVE_SETXATTR 1
| #define HAVE_MKTIME 1
| #define HAVE_SETLOCALE 1
| #define HAVE_FSEEKO 1
| #define HAVE_OPEN_MEMSTREAM 1
| #define _GNU_SOURCE 1
| #define HAVE_DECL_STRERROR_R 1
| #define HAVE_STRERROR_R 1
| #define STRERROR_R_CHAR_P 1
| #define HAVE_MINMAX_IN_SYS_PARAM_H 1
| #define HAVE_STDARG_H 1
| #define HAVE_VA_COPY 1
| #define SIZEOF_SIZE_T 4
| #define SIZEOF_VOID_P 4
| #define HAVE_ICONV 1
| #define ICONV_CONST 
| #define HAVE_LANGINFO_CODESET 1
| /* end confdefs.h.  */
| #include <pthread.h>
| int
| main ()
| {
| pthread_t th; pthread_join(th, 0);
|                      pthread_attr_init(0); pthread_cleanup_push(0, 0);
|                      pthread_create(0,0,0,0); pthread_cleanup_pop(0);
|   ;
|   return 0;
| }
configure:26088: result: no
configure:25969: checking whether pthreads work with -kthread
configure:26055: gcc -o conftest -g -O2 -Wall -kthread   conftest.c   >&5
gcc: error: unrecognized option '-kthread'
configure:26061: $? = 1
configure: failed program was:
| /* confdefs.h.  */
| 
| #define PACKAGE_NAME "djmount"
| #define PACKAGE_TARNAME "djmount"
| #define PACKAGE_VERSION "0.71"
| #define PACKAGE_STRING "djmount 0.71"
| #define PACKAGE_BUGREPORT "r3mi@users.sourceforge.net"
| #define PACKAGE "djmount"
| #define VERSION "0.71"
| #define DEBUG 1
| #define HAVE_CHARSET 1
| #define STDC_HEADERS 1
| #define HAVE_SYS_TYPES_H 1
| #define HAVE_SYS_STAT_H 1
| #define HAVE_STDLIB_H 1
| #define HAVE_STRING_H 1
| #define HAVE_MEMORY_H 1
| #define HAVE_STRINGS_H 1
| #define HAVE_INTTYPES_H 1
| #define HAVE_STDINT_H 1
| #define HAVE_UNISTD_H 1
| #define HAVE_DLFCN_H 1
| #ifdef __cplusplus
| extern "C" void exit (int) throw ();
| #endif
| #define _FILE_OFFSET_BITS 64
| #define HAVE_DIRENT_H 1
| #define STDC_HEADERS 1
| #define HAVE_INTTYPES_H 1
| #define HAVE_STDDEF_H 1
| #define HAVE_STDINT_H 1
| #define HAVE_STDARG_H 1
| #define HAVE_LOCALE_H 1
| #define HAVE_LANGINFO_H 1
| #define HAVE__BOOL 1
| #define HAVE_STDBOOL_H 1
| #define HAVE_SETXATTR 1
| #define HAVE_MKTIME 1
| #define HAVE_SETLOCALE 1
| #define HAVE_FSEEKO 1
| #define HAVE_OPEN_MEMSTREAM 1
| #define _GNU_SOURCE 1
| #define HAVE_DECL_STRERROR_R 1
| #define HAVE_STRERROR_R 1
| #define STRERROR_R_CHAR_P 1
| #define HAVE_MINMAX_IN_SYS_PARAM_H 1
| #define HAVE_STDARG_H 1
| #define HAVE_VA_COPY 1
| #define SIZEOF_SIZE_T 4
| #define SIZEOF_VOID_P 4
| #define HAVE_ICONV 1
| #define ICONV_CONST 
| #define HAVE_LANGINFO_CODESET 1
| /* end confdefs.h.  */
| #include <pthread.h>
| int
| main ()
| {
| pthread_t th; pthread_join(th, 0);
|                      pthread_attr_init(0); pthread_cleanup_push(0, 0);
|                      pthread_create(0,0,0,0); pthread_cleanup_pop(0);
|   ;
|   return 0;
| }
configure:26088: result: no
configure:26017: checking for the pthreads library -llthread
configure:26055: gcc -o conftest -g -O2 -Wall    conftest.c -llthread  >&5
conftest.c: In function 'main':
conftest.c:60:22: warning: null argument where non-null required (argument 1) [-Wnonnull]
conftest.c:61:22: warning: null argument where non-null required (argument 1) [-Wnonnull]
conftest.c:61:22: warning: null argument where non-null required (argument 3) [-Wnonnull]
conftest.c:59:27: warning: 'th' is used uninitialized in this function [-Wuninitialized]
/usr/bin/ld: cannot find -llthread
collect2: ld returned 1 exit status
configure:26061: $? = 1
configure: failed program was:
| /* confdefs.h.  */
| 
| #define PACKAGE_NAME "djmount"
| #define PACKAGE_TARNAME "djmount"
| #define PACKAGE_VERSION "0.71"
| #define PACKAGE_STRING "djmount 0.71"
| #define PACKAGE_BUGREPORT "r3mi@users.sourceforge.net"
| #define PACKAGE "djmount"
| #define VERSION "0.71"
| #define DEBUG 1
| #define HAVE_CHARSET 1
| #define STDC_HEADERS 1
| #define HAVE_SYS_TYPES_H 1
| #define HAVE_SYS_STAT_H 1
| #define HAVE_STDLIB_H 1
| #define HAVE_STRING_H 1
| #define HAVE_MEMORY_H 1
| #define HAVE_STRINGS_H 1
| #define HAVE_INTTYPES_H 1
| #define HAVE_STDINT_H 1
| #define HAVE_UNISTD_H 1
| #define HAVE_DLFCN_H 1
| #ifdef __cplusplus
| extern "C" void exit (int) throw ();
| #endif
| #define _FILE_OFFSET_BITS 64
| #define HAVE_DIRENT_H 1
| #define STDC_HEADERS 1
| #define HAVE_INTTYPES_H 1
| #define HAVE_STDDEF_H 1
| #define HAVE_STDINT_H 1
| #define HAVE_STDARG_H 1
| #define HAVE_LOCALE_H 1
| #define HAVE_LANGINFO_H 1
| #define HAVE__BOOL 1
| #define HAVE_STDBOOL_H 1
| #define HAVE_SETXATTR 1
| #define HAVE_MKTIME 1
| #define HAVE_SETLOCALE 1
| #define HAVE_FSEEKO 1
| #define HAVE_OPEN_MEMSTREAM 1
| #define _GNU_SOURCE 1
| #define HAVE_DECL_STRERROR_R 1
| #define HAVE_STRERROR_R 1
| #define STRERROR_R_CHAR_P 1
| #define HAVE_MINMAX_IN_SYS_PARAM_H 1
| #define HAVE_STDARG_H 1
| #define HAVE_VA_COPY 1
| #define SIZEOF_SIZE_T 4
| #define SIZEOF_VOID_P 4
| #define HAVE_ICONV 1
| #define ICONV_CONST 
| #define HAVE_LANGINFO_CODESET 1
| /* end confdefs.h.  */
| #include <pthread.h>
| int
| main ()
| {
| pthread_t th; pthread_join(th, 0);
|                      pthread_attr_init(0); pthread_cleanup_push(0, 0);
|                      pthread_create(0,0,0,0); pthread_cleanup_pop(0);
|   ;
|   return 0;
| }
configure:26088: result: no
configure:25969: checking whether pthreads work with -pthread
configure:26055: gcc -o conftest -g -O2 -Wall -pthread   conftest.c   >&5
conftest.c: In function 'main':
conftest.c:60:22: warning: null argument where non-null required (argument 1) [-Wnonnull]
conftest.c:61:22: warning: null argument where non-null required (argument 1) [-Wnonnull]
conftest.c:61:22: warning: null argument where non-null required (argument 3) [-Wnonnull]
conftest.c:59:27: warning: 'th' is used uninitialized in this function [-Wuninitialized]
configure:26061: $? = 0
configure:26065: test -z 
			 || test ! -s conftest.err
configure:26068: $? = 0
configure:26071: test -s conftest
configure:26074: $? = 0
configure:26088: result: yes
configure:26107: checking for joinable pthread attribute
configure:26127: gcc -o conftest -g -O2 -Wall -pthread   conftest.c   >&5
configure:26133: $? = 0
configure:26137: test -z 
			 || test ! -s conftest.err
configure:26140: $? = 0
configure:26143: test -s conftest
configure:26146: $? = 0
configure:26157: result: PTHREAD_CREATE_JOINABLE
configure:26167: checking if more special flags are required for pthreads
configure:26174: result: no
configure:26186: checking for cc_r
configure:26213: result: gcc
configure:26293: checking for FUSE
configure:26336: result: 
configure:26361: checking FUSE_CFLAGS
configure:26363: result: -D_FILE_OFFSET_BITS=64
configure:26365: checking FUSE_LIBS
configure:26367: result: -lfuse
configure:26375: checking whether FUSE_CFLAGS and FUSE_LIBS work
configure:26414: gcc -o conftest -g -O2 -Wall -pthread -D_FILE_OFFSET_BITS=64   conftest.c   -lfuse >&5
configure:26420: $? = 0
configure:26424: test -z 
			 || test ! -s conftest.err
configure:26427: $? = 0
configure:26430: test -s conftest
configure:26433: $? = 0
configure:26453: result: yes
configure:26499: checking whether to use external libupnp
configure:26744: result: no (build bundled library)
configure:26959: creating ./config.status

## ---------------------- ##
## Running config.status. ##
## ---------------------- ##

This file was extended by djmount config.status 0.71, which was
generated by GNU Autoconf 2.59.  Invocation command line was

  CONFIG_FILES    = 
  CONFIG_HEADERS  = 
  CONFIG_LINKS    = 
  CONFIG_COMMANDS = 
  $ ./config.status 

on lindsay-OEM

config.status:748: creating Makefile
config.status:748: creating gl/Makefile
config.status:748: creating djmount/Makefile
config.status:748: creating talloc/Makefile
config.status:852: creating config.h
config.status:1044: config.h is unchanged
config.status:1224: executing depfiles commands
configure:28349: configuring in libupnp
configure:28466: running /bin/bash './configure' --prefix=/usr/local  --enable-client --disable-device --disable-shared --enable-debug=yes --cache-file=/dev/null --srcdir=.

## ---------------- ##
## Cache variables. ##
## ---------------- ##

ac_cv_build=i686-pc-linux-gnu
ac_cv_build_alias=i686-pc-linux-gnu
ac_cv_c_compiler_gnu=yes
ac_cv_c_const=yes
ac_cv_c_inline=inline
ac_cv_cflags_warn_all=-Wall
ac_cv_cxx_compiler_gnu=yes
ac_cv_env_CC_set=
ac_cv_env_CC_value=
ac_cv_env_CFLAGS_set=
ac_cv_env_CFLAGS_value=
ac_cv_env_CPPFLAGS_set=
ac_cv_env_CPPFLAGS_value=
ac_cv_env_CPP_set=
ac_cv_env_CPP_value=
ac_cv_env_CXXCPP_set=
ac_cv_env_CXXCPP_value=
ac_cv_env_CXXFLAGS_set=
ac_cv_env_CXXFLAGS_value=
ac_cv_env_CXX_set=
ac_cv_env_CXX_value=
ac_cv_env_F77_set=
ac_cv_env_F77_value=
ac_cv_env_FFLAGS_set=
ac_cv_env_FFLAGS_value=
ac_cv_env_FUSE_CFLAGS_set=
ac_cv_env_FUSE_CFLAGS_value=
ac_cv_env_FUSE_LIBS_set=
ac_cv_env_FUSE_LIBS_value=
ac_cv_env_LDFLAGS_set=
ac_cv_env_LDFLAGS_value=
ac_cv_env_LIBUPNP_CFLAGS_set=
ac_cv_env_LIBUPNP_CFLAGS_value=
ac_cv_env_LIBUPNP_LIBS_set=
ac_cv_env_LIBUPNP_LIBS_value=
ac_cv_env_PKG_CONFIG_set=
ac_cv_env_PKG_CONFIG_value=
ac_cv_env_TALLOC_CFLAGS_set=
ac_cv_env_TALLOC_CFLAGS_value=
ac_cv_env_TALLOC_LIBS_set=
ac_cv_env_TALLOC_LIBS_value=
ac_cv_env_build_alias_set=
ac_cv_env_build_alias_value=
ac_cv_env_host_alias_set=
ac_cv_env_host_alias_value=
ac_cv_env_target_alias_set=
ac_cv_env_target_alias_value=
ac_cv_exeext=
ac_cv_f77_compiler_gnu=no
ac_cv_func_fseeko=yes
ac_cv_func_mktime=yes
ac_cv_func_open_memstream=yes
ac_cv_func_setlocale=yes
ac_cv_func_setxattr=yes
ac_cv_func_strerror_r=yes
ac_cv_func_strerror_r_char_p=yes
ac_cv_have_decl_strerror_r=yes
ac_cv_header_dirent_dirent_h=yes
ac_cv_header_dlfcn_h=yes
ac_cv_header_inttypes_h=yes
ac_cv_header_langinfo_h=yes
ac_cv_header_locale_h=yes
ac_cv_header_memory_h=yes
ac_cv_header_stdarg_h=yes
ac_cv_header_stdbool_h=yes
ac_cv_header_stdc=yes
ac_cv_header_stddef_h=yes
ac_cv_header_stdint_h=yes
ac_cv_header_stdlib_h=yes
ac_cv_header_string_h=yes
ac_cv_header_strings_h=yes
ac_cv_header_sys_stat_h=yes
ac_cv_header_sys_types_h=yes
ac_cv_header_unistd_h=yes
ac_cv_header_vararg_h=no
ac_cv_host=i686-pc-linux-gnu
ac_cv_host_alias=i686-pc-linux-gnu
ac_cv_lib_error_at_line=yes
ac_cv_objext=o
ac_cv_path_PERL=/usr/bin/perl
ac_cv_path_install='/usr/bin/install -c'
ac_cv_prog_AWK=mawk
ac_cv_prog_CPP='gcc -E'
ac_cv_prog_CXXCPP='g++ -E'
ac_cv_prog_PTHREAD_CC=gcc
ac_cv_prog_ac_ct_AR=ar
ac_cv_prog_ac_ct_CC=gcc
ac_cv_prog_ac_ct_CXX=g++
ac_cv_prog_ac_ct_RANLIB=ranlib
ac_cv_prog_ac_ct_STRIP=strip
ac_cv_prog_cc_g=yes
ac_cv_prog_cc_stdc=
ac_cv_prog_cxx_g=yes
ac_cv_prog_egrep='grep -E'
ac_cv_prog_f77_g=no
ac_cv_prog_make_make_set=yes
ac_cv_search_opendir='none required'
ac_cv_sizeof_size_t=4
ac_cv_sizeof_void_p=4
ac_cv_sys_file_offset_bits=64
ac_cv_sys_large_files=no
ac_cv_sys_largefile_CC=no
ac_cv_sys_largefile_source=no
ac_cv_type__Bool=yes
ac_cv_type_intptr_t=yes
ac_cv_type_size_t=yes
ac_cv_type_void_p=yes
acl_cv_path_LD=/usr/bin/ld
acl_cv_prog_gnu_ld=yes
acl_cv_rpath=done
am_cv_CC_dependencies_compiler_type=gcc3
am_cv_CXX_dependencies_compiler_type=gcc3
am_cv_func_iconv=yes
am_cv_langinfo_codeset=yes
am_cv_lib_iconv=no
am_cv_proto_iconv='extern size_t iconv (iconv_t cd, char * *inbuf, size_t *inbytesleft, char * *outbuf, size_t *outbytesleft);'
am_cv_proto_iconv_arg1=
gl_cv_minmax_in_limits_h=no
gl_cv_minmax_in_sys_param_h=yes
lt_cv_deplibs_check_method=pass_all
lt_cv_file_magic_cmd='$MAGIC_CMD'
lt_cv_file_magic_test_file=
lt_cv_ld_reload_flag=-r
lt_cv_objdir=.libs
lt_cv_path_LD=/usr/bin/ld
lt_cv_path_LDCXX=/usr/bin/ld
lt_cv_path_NM='/usr/bin/nm -B'
lt_cv_path_SED=/bin/sed
lt_cv_prog_compiler_c_o=yes
lt_cv_prog_compiler_c_o_CXX=yes
lt_cv_prog_compiler_rtti_exceptions=no
lt_cv_prog_gnu_ld=yes
lt_cv_prog_gnu_ldcxx=yes
lt_cv_sys_global_symbol_pipe='sed -n -e '\''s/^.*[ 	]\([ABCDGIRSTW][ABCDGIRSTW]*\)[ 	][ 	]*\([_A-Za-z][_A-Za-z0-9]*\)$/\1 \2 \2/p'\'''
lt_cv_sys_global_symbol_to_c_name_address='sed -n -e '\''s/^: \([^ ]*\) $/  {\"\1\", (lt_ptr) 0},/p'\'' -e '\''s/^[BCDEGRST] \([^ ]*\) \([^ ]*\)$/  {"\2", (lt_ptr) \&\2},/p'\'''
lt_cv_sys_global_symbol_to_cdecl='sed -n -e '\''s/^. .* \(.*\)$/extern int \1;/p'\'''
lt_cv_sys_max_cmd_len=32768
lt_lt_cv_prog_compiler_c_o='"yes"'
lt_lt_cv_prog_compiler_c_o_CXX='"yes"'
lt_lt_cv_sys_global_symbol_pipe='"sed -n -e '\''s/^.*[ 	]\\([ABCDGIRSTW][ABCDGIRSTW]*\\)[ 	][ 	]*\\([_A-Za-z][_A-Za-z0-9]*\\)\$/\\1 \\2 \\2/p'\''"'
lt_lt_cv_sys_global_symbol_to_c_name_address='"sed -n -e '\''s/^: \\([^ ]*\\) \$/  {\\\"\\1\\\", (lt_ptr) 0},/p'\'' -e '\''s/^[BCDEGRST] \\([^ ]*\\) \\([^ ]*\\)\$/  {\"\\2\", (lt_ptr) \\&\\2},/p'\''"'
lt_lt_cv_sys_global_symbol_to_cdecl='"sed -n -e '\''s/^. .* \\(.*\\)\$/extern int \\1;/p'\''"'
samba_cv_HAVE_VA_COPY=yes
vl_cv_lib_readline=no

## ----------------- ##
## Output variables. ##
## ----------------- ##

ACLOCAL='${SHELL} /home/lindsay/Downloads/djmount-0.71/libupnp/config.aux/missing --run aclocal-1.9'
AMDEPBACKSLASH='\'
AMDEP_FALSE='#'
AMDEP_TRUE=''
AMTAR='${SHELL} /home/lindsay/Downloads/djmount-0.71/libupnp/config.aux/missing --run tar'
AR='ar'
AUTOCONF='${SHELL} /home/lindsay/Downloads/djmount-0.71/libupnp/config.aux/missing --run autoconf'
AUTOHEADER='${SHELL} /home/lindsay/Downloads/djmount-0.71/libupnp/config.aux/missing --run autoheader'
AUTOMAKE='${SHELL} /home/lindsay/Downloads/djmount-0.71/libupnp/config.aux/missing --run automake-1.9'
AWK='mawk'
CC='gcc'
CCDEPMODE='depmode=gcc3'
CFLAGS='-g -O2 -Wall -pthread'
CPP='gcc -E'
CPPFLAGS=''
CXX='g++'
CXXCPP='g++ -E'
CXXDEPMODE='depmode=gcc3'
CXXFLAGS='-g -O2'
CYGPATH_W='echo'
DEFS='-DHAVE_CONFIG_H'
DEPDIR='.deps'
ECHO='echo'
ECHO_C=''
ECHO_N='-n'
ECHO_T=''
EGREP='grep -E'
ENABLE_CHARSET_FALSE='#'
ENABLE_CHARSET_TRUE=''
ENABLE_DEBUG_FALSE='#'
ENABLE_DEBUG_TRUE=''
EXEEXT=''
F77=''
FFLAGS=''
FUSE_CFLAGS='-D_FILE_OFFSET_BITS=64 -DFUSE_USE_VERSION=22'
FUSE_LIBS='-lfuse'
GL_COND_LIBTOOL_FALSE='#'
GL_COND_LIBTOOL_TRUE=''
HAVE__BOOL='1'
INSTALL_DATA='${INSTALL} -m 644'
INSTALL_PROGRAM='${INSTALL}'
INSTALL_SCRIPT='${INSTALL}'
INSTALL_STRIP_PROGRAM='${SHELL} $(install_sh) -c -s'
INTERNAL_LIBUPNP_FALSE='#'
INTERNAL_LIBUPNP_TRUE=''
INTERNAL_TALLOC_FALSE='#'
INTERNAL_TALLOC_TRUE=''
LDFLAGS=''
LIBICONV=''
LIBOBJS=' exitfail$U.o hash$U.o xmalloc$U.o'
LIBS=' '
LIBTOOL='$(SHELL) $(top_builddir)/libtool'
LIBUPNP_CFLAGS=''
LIBUPNP_LIBS='-L$(top_builddir)/libupnp/upnp -lupnp -L$(top_builddir)/libupnp/threadutil -lthreadutil -L$(top_builddir)/libupnp/ixml -lixml'
LN_S='ln -s'
LTLIBICONV=''
LTLIBOBJS=' exitfail$U.lo hash$U.lo xmalloc$U.lo'
MAKEINFO='${SHELL} /home/lindsay/Downloads/djmount-0.71/libupnp/config.aux/missing --run makeinfo'
OBJEXT='o'
PACKAGE='djmount'
PACKAGE_BUGREPORT='r3mi@users.sourceforge.net'
PACKAGE_NAME='djmount'
PACKAGE_STRING='djmount 0.71'
PACKAGE_TARNAME='djmount'
PACKAGE_VERSION='0.71'
PATH_SEPARATOR=':'
PERL='/usr/bin/perl'
PKG_CONFIG=''
PTHREAD_CC='gcc'
PTHREAD_CFLAGS='-pthread'
PTHREAD_LIBS=''
RANLIB='ranlib'
READLINE_LIBS=''
SET_MAKE=''
SHELL='/bin/bash'
STDBOOL_H=''
STRIP='strip'
TALLOC_CFLAGS='-I$(top_srcdir)/talloc/talloc'
TALLOC_LIBS='-L$(top_builddir)/talloc -ltalloc'
VERSION='0.71'
WANT_ICONV_FALSE='#'
WANT_ICONV_TRUE=''
ac_ct_AR='ar'
ac_ct_CC='gcc'
ac_ct_CXX='g++'
ac_ct_F77=''
ac_ct_RANLIB='ranlib'
ac_ct_STRIP='strip'
ac_pt_PKG_CONFIG=''
acx_pthread_config=''
am__fastdepCC_FALSE='#'
am__fastdepCC_TRUE=''
am__fastdepCXX_FALSE='#'
am__fastdepCXX_TRUE=''
am__include='include'
am__leading_dot='.'
am__quote=''
am__tar='${AMTAR} chof - "$$tardir"'
am__untar='${AMTAR} xf -'
bindir='${exec_prefix}/bin'
build='i686-pc-linux-gnu'
build_alias=''
build_cpu='i686'
build_os='linux-gnu'
build_vendor='pc'
datadir='${prefix}/share'
exec_prefix='${prefix}'
host='i686-pc-linux-gnu'
host_alias=''
host_cpu='i686'
host_os='linux-gnu'
host_vendor='pc'
includedir='${prefix}/include'
infodir='${prefix}/info'
install_sh='/home/lindsay/Downloads/djmount-0.71/libupnp/config.aux/install-sh'
libdir='${exec_prefix}/lib'
libexecdir='${exec_prefix}/libexec'
localstatedir='${prefix}/var'
mandir='${prefix}/man'
mkdir_p='mkdir -p --'
oldincludedir='/usr/include'
prefix='/usr/local'
program_transform_name='s,x,x,'
sbindir='${exec_prefix}/sbin'
sharedstatedir='${prefix}/com'
subdirs=' libupnp'
sysconfdir='${prefix}/etc'
target_alias=''

## ----------- ##
## confdefs.h. ##
## ----------- ##

#define DEBUG 1
#define HAVE_CHARSET 1
#define HAVE_DECL_STRERROR_R 1
#define HAVE_DIRENT_H 1
#define HAVE_DLFCN_H 1
#define HAVE_FSEEKO 1
#define HAVE_FUSE 1
#define HAVE_ICONV 1
#define HAVE_INTTYPES_H 1
#define HAVE_INTTYPES_H 1
#define HAVE_LANGINFO_CODESET 1
#define HAVE_LANGINFO_H 1
#define HAVE_LOCALE_H 1
#define HAVE_MEMORY_H 1
#define HAVE_MINMAX_IN_SYS_PARAM_H 1
#define HAVE_MKTIME 1
#define HAVE_OPEN_MEMSTREAM 1
#define HAVE_PTHREAD 1
#define HAVE_SETLOCALE 1
#define HAVE_SETXATTR 1
#define HAVE_STDARG_H 1
#define HAVE_STDARG_H 1
#define HAVE_STDBOOL_H 1
#define HAVE_STDDEF_H 1
#define HAVE_STDINT_H 1
#define HAVE_STDINT_H 1
#define HAVE_STDLIB_H 1
#define HAVE_STRERROR_R 1
#define HAVE_STRINGS_H 1
#define HAVE_STRING_H 1
#define HAVE_SYS_STAT_H 1
#define HAVE_SYS_TYPES_H 1
#define HAVE_UNISTD_H 1
#define HAVE_VA_COPY 1
#define HAVE__BOOL 1
#define ICONV_CONST 
#define PACKAGE "djmount"
#define PACKAGE_BUGREPORT "r3mi@users.sourceforge.net"
#define PACKAGE_NAME "djmount"
#define PACKAGE_STRING "djmount 0.71"
#define PACKAGE_TARNAME "djmount"
#define PACKAGE_VERSION "0.71"
#define SIZEOF_SIZE_T 4
#define SIZEOF_VOID_P 4
#define STDC_HEADERS 1
#define STDC_HEADERS 1
#define STRERROR_R_CHAR_P 1
#define UPNP_HAVE_DEBUG 1
#define VERSION "0.71"
#define _FILE_OFFSET_BITS 64
#define _GNU_SOURCE 1
#endif
#ifdef __cplusplus
extern "C" void exit (int) throw ();

configure: exit 0

## ---------------------- ##
## Running config.status. ##
## ---------------------- ##

This file was extended by djmount config.status 0.71, which was
generated by GNU Autoconf 2.59.  Invocation command line was

  CONFIG_FILES    = 
  CONFIG_HEADERS  = 
  CONFIG_LINKS    = 
  CONFIG_COMMANDS = 
  $ ./config.status djmount/Makefile depfiles

on lindsay-OEM

config.status:748: creating djmount/Makefile
config.status:1224: executing depfiles commands

## ---------------------- ##
## Running config.status. ##
## ---------------------- ##

This file was extended by djmount config.status 0.71, which was
generated by GNU Autoconf 2.59.  Invocation command line was

  CONFIG_FILES    = 
  CONFIG_HEADERS  = 
  CONFIG_LINKS    = 
  CONFIG_COMMANDS = 
  $ ./config.status djmount/Makefile depfiles

on lindsay-OEM

config.status:748: creating djmount/Makefile
config.status:1224: executing depfiles commands

## ---------------------- ##
## Running config.status. ##
## ---------------------- ##

This file was extended by djmount config.status 0.71, which was
generated by GNU Autoconf 2.59.  Invocation command line was

  CONFIG_FILES    = 
  CONFIG_HEADERS  = 
  CONFIG_LINKS    = 
  CONFIG_COMMANDS = 
  $ ./config.status djmount/Makefile depfiles

on lindsay-OEM

config.status:748: creating djmount/Makefile
config.status:1224: executing depfiles commands

## ---------------------- ##
## Running config.status. ##
## ---------------------- ##

This file was extended by djmount config.status 0.71, which was
generated by GNU Autoconf 2.59.  Invocation command line was

  CONFIG_FILES    = 
  CONFIG_HEADERS  = 
  CONFIG_LINKS    = 
  CONFIG_COMMANDS = 
  $ ./config.status djmount/Makefile depfiles

on lindsay-OEM

config.status:748: creating djmount/Makefile
config.status:1224: executing depfiles commands

## ---------------------- ##
## Running config.status. ##
## ---------------------- ##

This file was extended by djmount config.status 0.71, which was
generated by GNU Autoconf 2.59.  Invocation command line was

  CONFIG_FILES    = 
  CONFIG_HEADERS  = 
  CONFIG_LINKS    = 
  CONFIG_COMMANDS = 
  $ ./config.status djmount/Makefile depfiles

on lindsay-OEM

config.status:748: creating djmount/Makefile
config.status:1224: executing depfiles commands

## ---------------------- ##
## Running config.status. ##
## ---------------------- ##

This file was extended by djmount config.status 0.71, which was
generated by GNU Autoconf 2.59.  Invocation command line was

  CONFIG_FILES    = 
  CONFIG_HEADERS  = 
  CONFIG_LINKS    = 
  CONFIG_COMMANDS = 
  $ ./config.status djmount/Makefile depfiles

on lindsay-OEM

config.status:748: creating djmount/Makefile
config.status:1224: executing depfiles commands

## ---------------------- ##
## Running config.status. ##
## ---------------------- ##

This file was extended by djmount config.status 0.71, which was
generated by GNU Autoconf 2.59.  Invocation command line was

  CONFIG_FILES    = 
  CONFIG_HEADERS  = 
  CONFIG_LINKS    = 
  CONFIG_COMMANDS = 
  $ ./config.status djmount/Makefile depfiles

on lindsay-OEM

config.status:748: creating djmount/Makefile
config.status:1224: executing depfiles commands

## ---------------------- ##
## Running config.status. ##
## ---------------------- ##

This file was extended by djmount config.status 0.71, which was
generated by GNU Autoconf 2.59.  Invocation command line was

  CONFIG_FILES    = 
  CONFIG_HEADERS  = 
  CONFIG_LINKS    = 
  CONFIG_COMMANDS = 
  $ ./config.status djmount/Makefile depfiles

on lindsay-OEM

config.status:748: creating djmount/Makefile
config.status:1224: executing depfiles commands
