This file contains any messages produced by compilers while
running configure, to aid debugging if configure makes a mistake.

It was created by libupnp configure 1.2.1a-rt2, which was
generated by GNU Autoconf 2.59.  Invocation command line was

  $ ./configure --prefix=/usr/local --enable-client --disable-device --disable-shared --enable-debug=yes --cache-file=/dev/null --srcdir=.

## --------- ##
## Platform. ##
## --------- ##

hostname = lindsay-OEM
uname -m = i686
uname -r = 3.11.0-24-generic
uname -s = Linux
uname -v = #42~precise1-Ubuntu SMP Fri Jul 4 21:23:53 UTC 2014

/usr/bin/uname -p = unknown
/bin/uname -X     = unknown

/bin/arch              = unknown
/usr/bin/arch -k       = unknown
/usr/convex/getsysinfo = unknown
hostinfo               = unknown
/bin/machine           = unknown
/usr/bin/oslevel       = unknown
/bin/universe          = unknown

PATH: /usr/lib/lightdm/lightdm
PATH: /usr/local/sbin
PATH: /usr/local/bin
PATH: /usr/sbin
PATH: /usr/bin
PATH: /sbin
PATH: /bin
PATH: /usr/games


## ----------- ##
## Core tests. ##
## ----------- ##

configure:1577: checking for a BSD-compatible install
configure:1632: result: /usr/bin/install -c
configure:1643: checking whether build environment is sane
configure:1686: result: yes
configure:1751: checking for gawk
configure:1780: result: no
configure:1751: checking for mawk
configure:1767: found /usr/bin/mawk
configure:1777: result: mawk
configure:1787: checking whether make sets $(MAKE)
configure:1807: result: yes
configure:1988: checking for --enable-debug
configure:1996: result: yes
configure:2015: checking for --enable-client
configure:2023: result: yes
configure:2038: checking for --enable-device
configure:2046: result: no
configure:2098: checking for --enable-tools
configure:2106: result: yes
configure:2170: checking for gcc
configure:2186: found /usr/bin/gcc
configure:2196: result: gcc
configure:2440: checking for C compiler version
configure:2443: gcc --version </dev/null >&5
gcc (Ubuntu/Linaro 4.6.3-1ubuntu5) 4.6.3
Copyright (C) 2011 Free Software Foundation, Inc.
This is free software; see the source for copying conditions.  There is NO
warranty; not even for MERCHANTABILITY or FITNESS FOR A PARTICULAR PURPOSE.

configure:2446: $? = 0
configure:2448: gcc -v </dev/null >&5
Using built-in specs.
COLLECT_GCC=gcc
COLLECT_LTO_WRAPPER=/usr/lib/gcc/i686-linux-gnu/4.6/lto-wrapper
Target: i686-linux-gnu
Configured with: ../src/configure -v --with-pkgversion='Ubuntu/Linaro 4.6.3-1ubuntu5' --with-bugurl=file:///usr/share/doc/gcc-4.6/README.Bugs --enable-languages=c,c++,fortran,objc,obj-c++ --prefix=/usr --program-suffix=-4.6 --enable-shared --enable-linker-build-id --with-system-zlib --libexecdir=/usr/lib --without-included-gettext --enable-threads=posix --with-gxx-include-dir=/usr/include/c++/4.6 --libdir=/usr/lib --enable-nls --with-sysroot=/ --enable-clocale=gnu --enable-libstdcxx-debug --enable-libstdcxx-time=yes --enable-gnu-unique-object --enable-plugin --enable-objc-gc --enable-targets=all --disable-werror --with-arch-32=i686 --with-tune=generic --enable-checking=release --build=i686-linux-gnu --host=i686-linux-gnu --target=i686-linux-gnu
Thread model: posix
gcc version 4.6.3 (Ubuntu/Linaro 4.6.3-1ubuntu5) 
configure:2451: $? = 0
configure:2453: gcc -V </dev/null >&5
gcc: error: unrecognized option '-V'
gcc: fatal error: no input files
compilation terminated.
configure:2456: $? = 4
configure:2479: checking for C compiler default output file name
configure:2482: gcc    conftest.c  >&5
configure:2485: $? = 0
configure:2531: result: a.out
configure:2536: checking whether the C compiler works
configure:2542: ./a.out
configure:2545: $? = 0
configure:2562: result: yes
configure:2569: checking whether we are cross compiling
configure:2571: result: no
configure:2574: checking for suffix of executables
configure:2576: gcc -o conftest    conftest.c  >&5
configure:2579: $? = 0
configure:2604: result: 
configure:2610: checking for suffix of object files
configure:2631: gcc -c   conftest.c >&5
configure:2634: $? = 0
configure:2656: result: o
configure:2660: checking whether we are using the GNU C compiler
configure:2684: gcc -c   conftest.c >&5
configure:2690: $? = 0
configure:2694: test -z 
			 || test ! -s conftest.err
configure:2697: $? = 0
configure:2700: test -s conftest.o
configure:2703: $? = 0
configure:2716: result: yes
configure:2722: checking whether gcc accepts -g
configure:2743: gcc -c -g  conftest.c >&5
configure:2749: $? = 0
configure:2753: test -z 
			 || test ! -s conftest.err
configure:2756: $? = 0
configure:2759: test -s conftest.o
configure:2762: $? = 0
configure:2773: result: yes
configure:2790: checking for gcc option to accept ANSI C
configure:2860: gcc  -c -g -O2  conftest.c >&5
configure:2866: $? = 0
configure:2870: test -z 
			 || test ! -s conftest.err
configure:2873: $? = 0
configure:2876: test -s conftest.o
configure:2879: $? = 0
configure:2897: result: none needed
configure:2915: gcc -c -g -O2  conftest.c >&5
conftest.c:2:3: error: unknown type name 'choke'
conftest.c:2:3: error: expected '=', ',', ';', 'asm' or '__attribute__' at end of input
configure:2921: $? = 1
configure: failed program was:
| #ifndef __cplusplus
|   choke me
| #endif
configure:3065: checking for style of include used by make
configure:3093: result: GNU
configure:3121: checking dependency style of gcc
configure:3211: result: gcc3
configure:3229: checking whether gcc and cc understand -c and -o together
configure:3259: gcc -c conftest.c -o conftest.o >&5
configure:3262: $? = 0
configure:3264: gcc -c conftest.c -o conftest.o >&5
configure:3267: $? = 0
configure:3274: cc -c conftest.c >&5
configure:3277: $? = 0
configure:3280: cc -c conftest.c -o conftest.o >&5
configure:3283: $? = 0
configure:3285: cc -c conftest.c -o conftest.o >&5
configure:3288: $? = 0
configure:3306: result: yes
configure:3409: checking build system type
configure:3427: result: i686-pc-linux-gnu
configure:3435: checking host system type
configure:3449: result: i686-pc-linux-gnu
configure:3457: checking for a sed that does not truncate output
configure:3511: result: /bin/sed
configure:3514: checking for egrep
configure:3524: result: grep -E
configure:3540: checking for ld used by gcc
configure:3607: result: /usr/bin/ld
configure:3616: checking if the linker (/usr/bin/ld) is GNU ld
configure:3631: result: yes
configure:3636: checking for /usr/bin/ld option to reload object files
configure:3643: result: -r
configure:3661: checking for BSD-compatible nm
configure:3703: result: /usr/bin/nm -B
configure:3707: checking whether ln -s works
configure:3711: result: yes
configure:3718: checking how to recognise dependent libraries
configure:3890: result: pass_all
configure:4104: checking how to run the C preprocessor
configure:4139: gcc -E  conftest.c
configure:4145: $? = 0
configure:4177: gcc -E  conftest.c
conftest.c:11:28: fatal error: ac_nonexistent.h: No such file or directory
compilation terminated.
configure:4183: $? = 1
configure: failed program was:
| /* confdefs.h.  */
| 
| #define PACKAGE_NAME "libupnp"
| #define PACKAGE_TARNAME "libupnp"
| #define PACKAGE_VERSION "1.2.1a-rt2"
| #define PACKAGE_STRING "libupnp 1.2.1a-rt2"
| #define PACKAGE_BUGREPORT "r3mi@users.sourceforge.net"
| #define PACKAGE "libupnp"
| #define VERSION "1.2.1a-rt2"
| /* end confdefs.h.  */
| #include <ac_nonexistent.h>
configure:4222: result: gcc -E
configure:4246: gcc -E  conftest.c
configure:4252: $? = 0
configure:4284: gcc -E  conftest.c
conftest.c:11:28: fatal error: ac_nonexistent.h: No such file or directory
compilation terminated.
configure:4290: $? = 1
configure: failed program was:
| /* confdefs.h.  */
| 
| #define PACKAGE_NAME "libupnp"
| #define PACKAGE_TARNAME "libupnp"
| #define PACKAGE_VERSION "1.2.1a-rt2"
| #define PACKAGE_STRING "libupnp 1.2.1a-rt2"
| #define PACKAGE_BUGREPORT "r3mi@users.sourceforge.net"
| #define PACKAGE "libupnp"
| #define VERSION "1.2.1a-rt2"
| /* end confdefs.h.  */
| #include <ac_nonexistent.h>
configure:4334: checking for ANSI C header files
configure:4359: gcc -c -g -O2  conftest.c >&5
configure:4365: $? = 0
configure:4369: test -z 
			 || test ! -s conftest.err
configure:4372: $? = 0
configure:4375: test -s conftest.o
configure:4378: $? = 0
configure:4467: gcc -o conftest -g -O2   conftest.c  >&5
conftest.c: In function 'main':
conftest.c:28:7: warning: incompatible implicit declaration of built-in function 'exit' [enabled by default]
configure:4470: $? = 0
configure:4472: ./conftest
configure:4475: $? = 0
configure:4490: result: yes
configure:4514: checking for sys/types.h
configure:4530: gcc -c -g -O2  conftest.c >&5
configure:4536: $? = 0
configure:4540: test -z 
			 || test ! -s conftest.err
configure:4543: $? = 0
configure:4546: test -s conftest.o
configure:4549: $? = 0
configure:4560: result: yes
configure:4514: checking for sys/stat.h
configure:4530: gcc -c -g -O2  conftest.c >&5
configure:4536: $? = 0
configure:4540: test -z 
			 || test ! -s conftest.err
configure:4543: $? = 0
configure:4546: test -s conftest.o
configure:4549: $? = 0
configure:4560: result: yes
configure:4514: checking for stdlib.h
configure:4530: gcc -c -g -O2  conftest.c >&5
configure:4536: $? = 0
configure:4540: test -z 
			 || test ! -s conftest.err
configure:4543: $? = 0
configure:4546: test -s conftest.o
configure:4549: $? = 0
configure:4560: result: yes
configure:4514: checking for string.h
configure:4530: gcc -c -g -O2  conftest.c >&5
configure:4536: $? = 0
configure:4540: test -z 
			 || test ! -s conftest.err
configure:4543: $? = 0
configure:4546: test -s conftest.o
configure:4549: $? = 0
configure:4560: result: yes
configure:4514: checking for memory.h
configure:4530: gcc -c -g -O2  conftest.c >&5
configure:4536: $? = 0
configure:4540: test -z 
			 || test ! -s conftest.err
configure:4543: $? = 0
configure:4546: test -s conftest.o
configure:4549: $? = 0
configure:4560: result: yes
configure:4514: checking for strings.h
configure:4530: gcc -c -g -O2  conftest.c >&5
configure:4536: $? = 0
configure:4540: test -z 
			 || test ! -s conftest.err
configure:4543: $? = 0
configure:4546: test -s conftest.o
configure:4549: $? = 0
configure:4560: result: yes
configure:4514: checking for inttypes.h
configure:4530: gcc -c -g -O2  conftest.c >&5
configure:4536: $? = 0
configure:4540: test -z 
			 || test ! -s conftest.err
configure:4543: $? = 0
configure:4546: test -s conftest.o
configure:4549: $? = 0
configure:4560: result: yes
configure:4514: checking for stdint.h
configure:4530: gcc -c -g -O2  conftest.c >&5
configure:4536: $? = 0
configure:4540: test -z 
			 || test ! -s conftest.err
configure:4543: $? = 0
configure:4546: test -s conftest.o
configure:4549: $? = 0
configure:4560: result: yes
configure:4514: checking for unistd.h
configure:4530: gcc -c -g -O2  conftest.c >&5
configure:4536: $? = 0
configure:4540: test -z 
			 || test ! -s conftest.err
configure:4543: $? = 0
configure:4546: test -s conftest.o
configure:4549: $? = 0
configure:4560: result: yes
configure:4586: checking dlfcn.h usability
configure:4598: gcc -c -g -O2  conftest.c >&5
configure:4604: $? = 0
configure:4608: test -z 
			 || test ! -s conftest.err
configure:4611: $? = 0
configure:4614: test -s conftest.o
configure:4617: $? = 0
configure:4627: result: yes
configure:4631: checking dlfcn.h presence
configure:4641: gcc -E  conftest.c
configure:4647: $? = 0
configure:4667: result: yes
configure:4702: checking for dlfcn.h
configure:4709: result: yes
configure:4774: checking for g++
configure:4790: found /usr/bin/g++
configure:4800: result: g++
configure:4816: checking for C++ compiler version
configure:4819: g++ --version </dev/null >&5
g++ (Ubuntu/Linaro 4.6.3-1ubuntu5) 4.6.3
Copyright (C) 2011 Free Software Foundation, Inc.
This is free software; see the source for copying conditions.  There is NO
warranty; not even for MERCHANTABILITY or FITNESS FOR A PARTICULAR PURPOSE.

configure:4822: $? = 0
configure:4824: g++ -v </dev/null >&5
Using built-in specs.
COLLECT_GCC=g++
COLLECT_LTO_WRAPPER=/usr/lib/gcc/i686-linux-gnu/4.6/lto-wrapper
Target: i686-linux-gnu
Configured with: ../src/configure -v --with-pkgversion='Ubuntu/Linaro 4.6.3-1ubuntu5' --with-bugurl=file:///usr/share/doc/gcc-4.6/README.Bugs --enable-languages=c,c++,fortran,objc,obj-c++ --prefix=/usr --program-suffix=-4.6 --enable-shared --enable-linker-build-id --with-system-zlib --libexecdir=/usr/lib --without-included-gettext --enable-threads=posix --with-gxx-include-dir=/usr/include/c++/4.6 --libdir=/usr/lib --enable-nls --with-sysroot=/ --enable-clocale=gnu --enable-libstdcxx-debug --enable-libstdcxx-time=yes --enable-gnu-unique-object --enable-plugin --enable-objc-gc --enable-targets=all --disable-werror --with-arch-32=i686 --with-tune=generic --enable-checking=release --build=i686-linux-gnu --host=i686-linux-gnu --target=i686-linux-gnu
Thread model: posix
gcc version 4.6.3 (Ubuntu/Linaro 4.6.3-1ubuntu5) 
configure:4827: $? = 0
configure:4829: g++ -V </dev/null >&5
g++: error: unrecognized option '-V'
g++: fatal error: no input files
compilation terminated.
configure:4832: $? = 4
configure:4835: checking whether we are using the GNU C++ compiler
configure:4859: g++ -c   conftest.cc >&5
configure:4865: $? = 0
configure:4869: test -z 
			 || test ! -s conftest.err
configure:4872: $? = 0
configure:4875: test -s conftest.o
configure:4878: $? = 0
configure:4891: result: yes
configure:4897: checking whether g++ accepts -g
configure:4918: g++ -c -g  conftest.cc >&5
configure:4924: $? = 0
configure:4928: test -z 
			 || test ! -s conftest.err
configure:4931: $? = 0
configure:4934: test -s conftest.o
configure:4937: $? = 0
configure:4948: result: yes
configure:4990: g++ -c -g -O2  conftest.cc >&5
configure:4996: $? = 0
configure:5000: test -z 
			 || test ! -s conftest.err
configure:5003: $? = 0
configure:5006: test -s conftest.o
configure:5009: $? = 0
configure:5035: g++ -c -g -O2  conftest.cc >&5
conftest.cc: In function 'int main()':
conftest.cc:26:9: error: 'exit' was not declared in this scope
configure:5041: $? = 1
configure: failed program was:
| /* confdefs.h.  */
| 
| #define PACKAGE_NAME "libupnp"
| #define PACKAGE_TARNAME "libupnp"
| #define PACKAGE_VERSION "1.2.1a-rt2"
| #define PACKAGE_STRING "libupnp 1.2.1a-rt2"
| #define PACKAGE_BUGREPORT "r3mi@users.sourceforge.net"
| #define PACKAGE "libupnp"
| #define VERSION "1.2.1a-rt2"
| #define STDC_HEADERS 1
| #define HAVE_SYS_TYPES_H 1
| #define HAVE_SYS_STAT_H 1
| #define HAVE_STDLIB_H 1
| #define HAVE_STRING_H 1
| #define HAVE_MEMORY_H 1
| #define HAVE_STRINGS_H 1
| #define HAVE_INTTYPES_H 1
| #define HAVE_STDINT_H 1
| #define HAVE_UNISTD_H 1
| #define HAVE_DLFCN_H 1
| /* end confdefs.h.  */
| 
| int
| main ()
| {
| exit (42);
|   ;
|   return 0;
| }
configure:4990: g++ -c -g -O2  conftest.cc >&5
conftest.cc:22:40: error: 'void std::exit(int)' should have been declared inside 'std'
configure:4996: $? = 1
configure: failed program was:
| /* confdefs.h.  */
| 
| #define PACKAGE_NAME "libupnp"
| #define PACKAGE_TARNAME "libupnp"
| #define PACKAGE_VERSION "1.2.1a-rt2"
| #define PACKAGE_STRING "libupnp 1.2.1a-rt2"
| #define PACKAGE_BUGREPORT "r3mi@users.sourceforge.net"
| #define PACKAGE "libupnp"
| #define VERSION "1.2.1a-rt2"
| #define STDC_HEADERS 1
| #define HAVE_SYS_TYPES_H 1
| #define HAVE_SYS_STAT_H 1
| #define HAVE_STDLIB_H 1
| #define HAVE_STRING_H 1
| #define HAVE_MEMORY_H 1
| #define HAVE_STRINGS_H 1
| #define HAVE_INTTYPES_H 1
| #define HAVE_STDINT_H 1
| #define HAVE_UNISTD_H 1
| #define HAVE_DLFCN_H 1
| /* end confdefs.h.  */
| extern "C" void std::exit (int) throw (); using std::exit;
| #include <stdlib.h>
| int
| main ()
| {
| exit (42);
|   ;
|   return 0;
| }
configure:4990: g++ -c -g -O2  conftest.cc >&5
conftest.cc:22:31: error: 'void std::exit(int)' should have been declared inside 'std'
In file included from conftest.cc:23:0:
/usr/include/stdlib.h:544:70: error: declaration of 'void std::exit(int) throw ()' has a different exception specifier
conftest.cc:22:17: error: from previous declaration 'void std::exit(int)'
configure:4996: $? = 1
configure: failed program was:
| /* confdefs.h.  */
| 
| #define PACKAGE_NAME "libupnp"
| #define PACKAGE_TARNAME "libupnp"
| #define PACKAGE_VERSION "1.2.1a-rt2"
| #define PACKAGE_STRING "libupnp 1.2.1a-rt2"
| #define PACKAGE_BUGREPORT "r3mi@users.sourceforge.net"
| #define PACKAGE "libupnp"
| #define VERSION "1.2.1a-rt2"
| #define STDC_HEADERS 1
| #define HAVE_SYS_TYPES_H 1
| #define HAVE_SYS_STAT_H 1
| #define HAVE_STDLIB_H 1
| #define HAVE_STRING_H 1
| #define HAVE_MEMORY_H 1
| #define HAVE_STRINGS_H 1
| #define HAVE_INTTYPES_H 1
| #define HAVE_STDINT_H 1
| #define HAVE_UNISTD_H 1
| #define HAVE_DLFCN_H 1
| /* end confdefs.h.  */
| extern "C" void std::exit (int); using std::exit;
| #include <stdlib.h>
| int
| main ()
| {
| exit (42);
|   ;
|   return 0;
| }
configure:4990: g++ -c -g -O2  conftest.cc >&5
configure:4996: $? = 0
configure:5000: test -z 
			 || test ! -s conftest.err
configure:5003: $? = 0
configure:5006: test -s conftest.o
configure:5009: $? = 0
configure:5035: g++ -c -g -O2  conftest.cc >&5
configure:5041: $? = 0
configure:5045: test -z 
			 || test ! -s conftest.err
configure:5048: $? = 0
configure:5051: test -s conftest.o
configure:5054: $? = 0
configure:5079: checking dependency style of g++
configure:5169: result: gcc3
configure:5196: checking how to run the C++ preprocessor
configure:5227: g++ -E  conftest.cc
configure:5233: $? = 0
configure:5265: g++ -E  conftest.cc
conftest.cc:25:28: fatal error: ac_nonexistent.h: No such file or directory
compilation terminated.
configure:5271: $? = 1
configure: failed program was:
| /* confdefs.h.  */
| 
| #define PACKAGE_NAME "libupnp"
| #define PACKAGE_TARNAME "libupnp"
| #define PACKAGE_VERSION "1.2.1a-rt2"
| #define PACKAGE_STRING "libupnp 1.2.1a-rt2"
| #define PACKAGE_BUGREPORT "r3mi@users.sourceforge.net"
| #define PACKAGE "libupnp"
| #define VERSION "1.2.1a-rt2"
| #define STDC_HEADERS 1
| #define HAVE_SYS_TYPES_H 1
| #define HAVE_SYS_STAT_H 1
| #define HAVE_STDLIB_H 1
| #define HAVE_STRING_H 1
| #define HAVE_MEMORY_H 1
| #define HAVE_STRINGS_H 1
| #define HAVE_INTTYPES_H 1
| #define HAVE_STDINT_H 1
| #define HAVE_UNISTD_H 1
| #define HAVE_DLFCN_H 1
| #ifdef __cplusplus
| extern "C" void exit (int) throw ();
| #endif
| /* end confdefs.h.  */
| #include <ac_nonexistent.h>
configure:5310: result: g++ -E
configure:5334: g++ -E  conftest.cc
configure:5340: $? = 0
configure:5372: g++ -E  conftest.cc
conftest.cc:25:28: fatal error: ac_nonexistent.h: No such file or directory
compilation terminated.
configure:5378: $? = 1
configure: failed program was:
| /* confdefs.h.  */
| 
| #define PACKAGE_NAME "libupnp"
| #define PACKAGE_TARNAME "libupnp"
| #define PACKAGE_VERSION "1.2.1a-rt2"
| #define PACKAGE_STRING "libupnp 1.2.1a-rt2"
| #define PACKAGE_BUGREPORT "r3mi@users.sourceforge.net"
| #define PACKAGE "libupnp"
| #define VERSION "1.2.1a-rt2"
| #define STDC_HEADERS 1
| #define HAVE_SYS_TYPES_H 1
| #define HAVE_SYS_STAT_H 1
| #define HAVE_STDLIB_H 1
| #define HAVE_STRING_H 1
| #define HAVE_MEMORY_H 1
| #define HAVE_STRINGS_H 1
| #define HAVE_INTTYPES_H 1
| #define HAVE_STDINT_H 1
| #define HAVE_UNISTD_H 1
| #define HAVE_DLFCN_H 1
| #ifdef __cplusplus
| extern "C" void exit (int) throw ();
| #endif
| /* end confdefs.h.  */
| #include <ac_nonexistent.h>
configure:5475: checking for g77
configure:5504: result: no
configure:5475: checking for f77
configure:5504: result: no
configure:5475: checking for xlf
configure:5504: result: no
configure:5475: checking for frt
configure:5504: result: no
configure:5475: checking for pgf77
configure:5504: result: no
configure:5475: checking for fort77
configure:5504: result: no
configure:5475: checking for fl32
configure:5504: result: no
configure:5475: checking for af77
configure:5504: result: no
configure:5475: checking for f90
configure:5504: result: no
configure:5475: checking for xlf90
configure:5504: result: no
configure:5475: checking for pgf90
configure:5504: result: no
configure:5475: checking for epcf90
configure:5504: result: no
configure:5475: checking for f95
configure:5504: result: no
configure:5475: checking for fort
configure:5504: result: no
configure:5475: checking for xlf95
configure:5504: result: no
configure:5475: checking for ifc
configure:5504: result: no
configure:5475: checking for efc
configure:5504: result: no
configure:5475: checking for pgf95
configure:5504: result: no
configure:5475: checking for lf95
configure:5504: result: no
configure:5475: checking for gfortran
configure:5504: result: no
configure:5516: checking for Fortran 77 compiler version
configure:5519:  --version </dev/null >&5
./configure: line 5520: --version: command not found
configure:5522: $? = 127
configure:5524:  -v </dev/null >&5
./configure: line 5525: -v: command not found
configure:5527: $? = 127
configure:5529:  -V </dev/null >&5
./configure: line 5530: -V: command not found
configure:5532: $? = 127
configure:5540: checking whether we are using the GNU Fortran 77 compiler
configure:5554:  -c  conftest.F >&5
./configure: line 5555: -c: command not found
configure:5560: $? = 127
configure: failed program was:
|       program main
| #ifndef __GNUC__
|        choke me
| #endif
| 
|       end
configure:5586: result: no
configure:5592: checking whether  accepts -g
configure:5604:  -c -g conftest.f >&5
./configure: line 5605: -c: command not found
configure:5610: $? = 127
configure: failed program was:
|       program main
| 
|       end
configure:5635: result: no
configure:5665: checking the maximum length of command line arguments
configure:5757: result: 32768
configure:5768: checking command to parse /usr/bin/nm -B output from gcc object
configure:5864: gcc -c -g -O2  conftest.c >&5
configure:5867: $? = 0
configure:5871: /usr/bin/nm -B conftest.o \| sed -n -e 's/^.*[ 	]\([ABCDGIRSTW][ABCDGIRSTW]*\)[ 	][ 	]*\([_A-Za-z][_A-Za-z0-9]*\)$/\1 \2 \2/p' \> conftest.nm
configure:5874: $? = 0
configure:5926: gcc -o conftest -g -O2   conftest.c conftstm.o >&5
configure:5929: $? = 0
configure:5967: result: ok
configure:5971: checking for objdir
configure:5986: result: .libs
configure:6076: checking for ar
configure:6092: found /usr/bin/ar
configure:6103: result: ar
configure:6156: checking for ranlib
configure:6172: found /usr/bin/ranlib
configure:6183: result: ranlib
configure:6236: checking for strip
configure:6252: found /usr/bin/strip
configure:6263: result: strip
configure:6550: checking if gcc static flag  works
configure:6578: result: yes
configure:6596: checking if gcc supports -fno-rtti -fno-exceptions
configure:6614: gcc -c -g -O2  -fno-rtti -fno-exceptions conftest.c >&5
cc1: warning: command line option '-fno-rtti' is valid for C++/ObjC++ but not for C [enabled by default]
configure:6618: $? = 0
configure:6631: result: no
configure:6646: checking for gcc option to produce PIC
configure:6850: result: -fPIC
configure:6858: checking if gcc PIC flag -fPIC works
configure:6876: gcc -c -g -O2  -fPIC -DPIC conftest.c >&5
configure:6880: $? = 0
configure:6893: result: yes
configure:6917: checking if gcc supports -c -o file.o
configure:6938: gcc -c -g -O2  -o out/conftest2.o conftest.c >&5
configure:6942: $? = 0
configure:6964: result: yes
configure:6990: checking whether the gcc linker (/usr/bin/ld) supports shared libraries
configure:7886: result: yes
configure:7957: checking dynamic linker characteristics
configure:8524: result: GNU/Linux ld.so
configure:8528: checking how to hardcode library paths into programs
configure:8553: result: immediate
configure:8567: checking whether stripping libraries is possible
configure:8572: result: yes
configure:9402: checking if libtool supports shared libraries
configure:9404: result: yes
configure:9407: checking whether to build shared libraries
configure:9428: result: no
configure:9431: checking whether to build static libraries
configure:9435: result: yes
configure:9527: creating libtool
configure:10105: checking for ld used by g++
configure:10172: result: /usr/bin/ld
configure:10181: checking if the linker (/usr/bin/ld) is GNU ld
configure:10196: result: yes
configure:10247: checking whether the g++ linker (/usr/bin/ld) supports shared libraries
configure:11134: result: yes
configure:11152: g++ -c -g -O2  conftest.cc >&5
configure:11155: $? = 0
configure:11251: checking for g++ option to produce PIC
configure:11519: result: -fPIC
configure:11527: checking if g++ PIC flag -fPIC works
configure:11545: g++ -c -g -O2  -fPIC -DPIC conftest.cc >&5
configure:11549: $? = 0
configure:11562: result: yes
configure:11586: checking if g++ supports -c -o file.o
configure:11607: g++ -c -g -O2  -o out/conftest2.o conftest.cc >&5
configure:11611: $? = 0
configure:11633: result: yes
configure:11659: checking whether the g++ linker (/usr/bin/ld) supports shared libraries
configure:11684: result: yes
configure:11755: checking dynamic linker characteristics
configure:12322: result: GNU/Linux ld.so
configure:12326: checking how to hardcode library paths into programs
configure:12351: result: immediate
configure:12365: checking whether stripping libraries is possible
configure:12370: result: yes
configure:19931: checking for a BSD-compatible install
configure:19986: result: /usr/bin/install -c
configure:19997: checking whether make sets $(MAKE)
configure:20017: result: yes
configure:20130: checking CFLAGS for maximum warnings
configure:20163: gcc -c -g -O2 -pedantic  -Wall  conftest.c >&5
configure:20169: $? = 0
configure:20173: test -z 
			 || test ! -s conftest.err
configure:20176: $? = 0
configure:20179: test -s conftest.o
configure:20182: $? = 0
configure:20201: result: -Wall
configure:20214: : CFLAGS="$CFLAGS $ac_cv_cflags_warn_all"
configure:20217: $? = 0
configure:20234: checking for special C compiler options needed for large files
configure:20333: result: no
configure:20339: checking for _FILE_OFFSET_BITS value needed for large files
configure:20370: gcc -c -g -O2 -Wall  conftest.c >&5
conftest.c:31:3: warning: left shift count >= width of type [enabled by default]
conftest.c:31:3: warning: left shift count >= width of type [enabled by default]
conftest.c:32:10: warning: left shift count >= width of type [enabled by default]
conftest.c:32:10: warning: left shift count >= width of type [enabled by default]
conftest.c:31:7: error: size of array 'off_t_is_large' is negative
conftest.c:33:9: warning: variably modified 'off_t_is_large' at file scope [enabled by default]
configure:20376: $? = 1
configure: failed program was:
| /* confdefs.h.  */
| 
| #define PACKAGE_NAME "libupnp"
| #define PACKAGE_TARNAME "libupnp"
| #define PACKAGE_VERSION "1.2.1a-rt2"
| #define PACKAGE_STRING "libupnp 1.2.1a-rt2"
| #define PACKAGE_BUGREPORT "r3mi@users.sourceforge.net"
| #define PACKAGE "libupnp"
| #define VERSION "1.2.1a-rt2"
| #define STDC_HEADERS 1
| #define HAVE_SYS_TYPES_H 1
| #define HAVE_SYS_STAT_H 1
| #define HAVE_STDLIB_H 1
| #define HAVE_STRING_H 1
| #define HAVE_MEMORY_H 1
| #define HAVE_STRINGS_H 1
| #define HAVE_INTTYPES_H 1
| #define HAVE_STDINT_H 1
| #define HAVE_UNISTD_H 1
| #define HAVE_DLFCN_H 1
| #ifdef __cplusplus
| extern "C" void exit (int) throw ();
| #endif
| /* end confdefs.h.  */
| #include <sys/types.h>
|  /* Check that off_t can represent 2**63 - 1 correctly.
|     We can't simply define LARGE_OFF_T to be 9223372036854775807,
|     since some C++ compilers masquerading as C compilers
|     incorrectly reject 9223372036854775807.  */
| #define LARGE_OFF_T (((off_t) 1 << 62) - 1 + ((off_t) 1 << 62))
|   int off_t_is_large[(LARGE_OFF_T % 2147483629 == 721
| 		       && LARGE_OFF_T % 2147483647 == 1)
| 		      ? 1 : -1];
| int
| main ()
| {
| 
|   ;
|   return 0;
| }
configure:20423: gcc -c -g -O2 -Wall  conftest.c >&5
configure:20429: $? = 0
configure:20433: test -z 
			 || test ! -s conftest.err
configure:20436: $? = 0
configure:20439: test -s conftest.o
configure:20442: $? = 0
configure:20454: result: 64
configure:20464: checking for _LARGE_FILES value needed for large files
configure:20495: gcc -c -g -O2 -Wall  conftest.c >&5
configure:20501: $? = 0
configure:20505: test -z 
			 || test ! -s conftest.err
configure:20508: $? = 0
configure:20511: test -s conftest.o
configure:20514: $? = 0
configure:20579: result: no
configure:20596: checking for ANSI C header files
configure:20752: result: yes
configure:20791: checking arpa/inet.h usability
configure:20803: gcc -c -g -O2 -Wall  conftest.c >&5
configure:20809: $? = 0
configure:20813: test -z 
			 || test ! -s conftest.err
configure:20816: $? = 0
configure:20819: test -s conftest.o
configure:20822: $? = 0
configure:20832: result: yes
configure:20836: checking arpa/inet.h presence
configure:20846: gcc -E  conftest.c
configure:20852: $? = 0
configure:20872: result: yes
configure:20907: checking for arpa/inet.h
configure:20914: result: yes
configure:20791: checking fcntl.h usability
configure:20803: gcc -c -g -O2 -Wall  conftest.c >&5
configure:20809: $? = 0
configure:20813: test -z 
			 || test ! -s conftest.err
configure:20816: $? = 0
configure:20819: test -s conftest.o
configure:20822: $? = 0
configure:20832: result: yes
configure:20836: checking fcntl.h presence
configure:20846: gcc -E  conftest.c
configure:20852: $? = 0
configure:20872: result: yes
configure:20907: checking for fcntl.h
configure:20914: result: yes
configure:20791: checking limits.h usability
configure:20803: gcc -c -g -O2 -Wall  conftest.c >&5
configure:20809: $? = 0
configure:20813: test -z 
			 || test ! -s conftest.err
configure:20816: $? = 0
configure:20819: test -s conftest.o
configure:20822: $? = 0
configure:20832: result: yes
configure:20836: checking limits.h presence
configure:20846: gcc -E  conftest.c
configure:20852: $? = 0
configure:20872: result: yes
configure:20907: checking for limits.h
configure:20914: result: yes
configure:20791: checking malloc.h usability
configure:20803: gcc -c -g -O2 -Wall  conftest.c >&5
configure:20809: $? = 0
configure:20813: test -z 
			 || test ! -s conftest.err
configure:20816: $? = 0
configure:20819: test -s conftest.o
configure:20822: $? = 0
configure:20832: result: yes
configure:20836: checking malloc.h presence
configure:20846: gcc -E  conftest.c
configure:20852: $? = 0
configure:20872: result: yes
configure:20907: checking for malloc.h
configure:20914: result: yes
configure:20791: checking netdb.h usability
configure:20803: gcc -c -g -O2 -Wall  conftest.c >&5
configure:20809: $? = 0
configure:20813: test -z 
			 || test ! -s conftest.err
configure:20816: $? = 0
configure:20819: test -s conftest.o
configure:20822: $? = 0
configure:20832: result: yes
configure:20836: checking netdb.h presence
configure:20846: gcc -E  conftest.c
configure:20852: $? = 0
configure:20872: result: yes
configure:20907: checking for netdb.h
configure:20914: result: yes
configure:20791: checking netinet/in.h usability
configure:20803: gcc -c -g -O2 -Wall  conftest.c >&5
configure:20809: $? = 0
configure:20813: test -z 
			 || test ! -s conftest.err
configure:20816: $? = 0
configure:20819: test -s conftest.o
configure:20822: $? = 0
configure:20832: result: yes
configure:20836: checking netinet/in.h presence
configure:20846: gcc -E  conftest.c
configure:20852: $? = 0
configure:20872: result: yes
configure:20907: checking for netinet/in.h
configure:20914: result: yes
configure:20782: checking for stdlib.h
configure:20787: result: yes
configure:20782: checking for string.h
configure:20787: result: yes
configure:20791: checking sys/ioctl.h usability
configure:20803: gcc -c -g -O2 -Wall  conftest.c >&5
configure:20809: $? = 0
configure:20813: test -z 
			 || test ! -s conftest.err
configure:20816: $? = 0
configure:20819: test -s conftest.o
configure:20822: $? = 0
configure:20832: result: yes
configure:20836: checking sys/ioctl.h presence
configure:20846: gcc -E  conftest.c
configure:20852: $? = 0
configure:20872: result: yes
configure:20907: checking for sys/ioctl.h
configure:20914: result: yes
configure:20791: checking sys/socket.h usability
configure:20803: gcc -c -g -O2 -Wall  conftest.c >&5
configure:20809: $? = 0
configure:20813: test -z 
			 || test ! -s conftest.err
configure:20816: $? = 0
configure:20819: test -s conftest.o
configure:20822: $? = 0
configure:20832: result: yes
configure:20836: checking sys/socket.h presence
configure:20846: gcc -E  conftest.c
configure:20852: $? = 0
configure:20872: result: yes
configure:20907: checking for sys/socket.h
configure:20914: result: yes
configure:20791: checking sys/time.h usability
configure:20803: gcc -c -g -O2 -Wall  conftest.c >&5
configure:20809: $? = 0
configure:20813: test -z 
			 || test ! -s conftest.err
configure:20816: $? = 0
configure:20819: test -s conftest.o
configure:20822: $? = 0
configure:20832: result: yes
configure:20836: checking sys/time.h presence
configure:20846: gcc -E  conftest.c
configure:20852: $? = 0
configure:20872: result: yes
configure:20907: checking for sys/time.h
configure:20914: result: yes
configure:20791: checking sys/timeb.h usability
configure:20803: gcc -c -g -O2 -Wall  conftest.c >&5
configure:20809: $? = 0
configure:20813: test -z 
			 || test ! -s conftest.err
configure:20816: $? = 0
configure:20819: test -s conftest.o
configure:20822: $? = 0
configure:20832: result: yes
configure:20836: checking sys/timeb.h presence
configure:20846: gcc -E  conftest.c
configure:20852: $? = 0
configure:20872: result: yes
configure:20907: checking for sys/timeb.h
configure:20914: result: yes
configure:20791: checking syslog.h usability
configure:20803: gcc -c -g -O2 -Wall  conftest.c >&5
configure:20809: $? = 0
configure:20813: test -z 
			 || test ! -s conftest.err
configure:20816: $? = 0
configure:20819: test -s conftest.o
configure:20822: $? = 0
configure:20832: result: yes
configure:20836: checking syslog.h presence
configure:20846: gcc -E  conftest.c
configure:20852: $? = 0
configure:20872: result: yes
configure:20907: checking for syslog.h
configure:20914: result: yes
configure:20782: checking for unistd.h
configure:20787: result: yes
configure:20936: checking for an ANSI C-conforming const
configure:21003: gcc -c -g -O2 -Wall  conftest.c >&5
conftest.c: In function 'main':
conftest.c:68:17: warning: unused variable 's' [-Wunused-variable]
conftest.c:88:15: warning: unused variable 'foo' [-Wunused-variable]
conftest.c:55:29: warning: unused variable 'zero' [-Wunused-variable]
conftest.c:49:17: warning: unused variable 'x' [-Wunused-variable]
conftest.c:70:10: warning: 't' is used uninitialized in this function [-Wuninitialized]
conftest.c:85:23: warning: 'b' is used uninitialized in this function [-Wuninitialized]
configure:21009: $? = 0
configure:21013: test -z 
			 || test ! -s conftest.err
configure:21016: $? = 0
configure:21019: test -s conftest.o
configure:21022: $? = 0
configure:21033: result: yes
configure:21043: checking for size_t
configure:21067: gcc -c -g -O2 -Wall  conftest.c >&5
configure:21073: $? = 0
configure:21077: test -z 
			 || test ! -s conftest.err
configure:21080: $? = 0
configure:21083: test -s conftest.o
configure:21086: $? = 0
configure:21097: result: yes
configure:21109: checking for socklen_t
configure:21132: gcc -c -g -O2 -Wall  conftest.c >&5
conftest.c: In function 'main':
conftest.c:46:11: warning: unused variable 'len' [-Wunused-variable]
configure:21138: $? = 0
configure:21142: test -z 
			 || test ! -s conftest.err
configure:21145: $? = 0
configure:21148: test -s conftest.o
configure:21151: $? = 0
configure:21163: result: yes
configure:21182: checking for vprintf
configure:21239: gcc -o conftest -g -O2 -Wall   conftest.c  >&5
conftest.c:65:6: warning: conflicting types for built-in function 'vprintf' [enabled by default]
configure:21245: $? = 0
configure:21249: test -z 
			 || test ! -s conftest.err
configure:21252: $? = 0
configure:21255: test -s conftest
configure:21258: $? = 0
configure:21270: result: yes
configure:21277: checking for _doprnt
configure:21334: gcc -o conftest -g -O2 -Wall   conftest.c  >&5
/tmp/cccSxwEU.o:(.data+0x0): undefined reference to `_doprnt'
/tmp/cccSxwEU.o: In function `main':
/home/lindsay/Downloads/djmount-0.71/libupnp/conftest.c:82: undefined reference to `_doprnt'
collect2: ld returned 1 exit status
configure:21340: $? = 1
configure: failed program was:
| /* confdefs.h.  */
| 
| #define PACKAGE_NAME "libupnp"
| #define PACKAGE_TARNAME "libupnp"
| #define PACKAGE_VERSION "1.2.1a-rt2"
| #define PACKAGE_STRING "libupnp 1.2.1a-rt2"
| #define PACKAGE_BUGREPORT "r3mi@users.sourceforge.net"
| #define PACKAGE "libupnp"
| #define VERSION "1.2.1a-rt2"
| #define STDC_HEADERS 1
| #define HAVE_SYS_TYPES_H 1
| #define HAVE_SYS_STAT_H 1
| #define HAVE_STDLIB_H 1
| #define HAVE_STRING_H 1
| #define HAVE_MEMORY_H 1
| #define HAVE_STRINGS_H 1
| #define HAVE_INTTYPES_H 1
| #define HAVE_STDINT_H 1
| #define HAVE_UNISTD_H 1
| #define HAVE_DLFCN_H 1
| #ifdef __cplusplus
| extern "C" void exit (int) throw ();
| #endif
| #define _FILE_OFFSET_BITS 64
| #define STDC_HEADERS 1
| #define HAVE_ARPA_INET_H 1
| #define HAVE_FCNTL_H 1
| #define HAVE_LIMITS_H 1
| #define HAVE_MALLOC_H 1
| #define HAVE_NETDB_H 1
| #define HAVE_NETINET_IN_H 1
| #define HAVE_STDLIB_H 1
| #define HAVE_STRING_H 1
| #define HAVE_SYS_IOCTL_H 1
| #define HAVE_SYS_SOCKET_H 1
| #define HAVE_SYS_TIME_H 1
| #define HAVE_SYS_TIMEB_H 1
| #define HAVE_SYSLOG_H 1
| #define HAVE_UNISTD_H 1
| #define HAVE_VPRINTF 1
| /* end confdefs.h.  */
| /* Define _doprnt to an innocuous variant, in case <limits.h> declares _doprnt.
|    For example, HP-UX 11i <limits.h> declares gettimeofday.  */
| #define _doprnt innocuous__doprnt
| 
| /* System header to define __stub macros and hopefully few prototypes,
|     which can conflict with char _doprnt (); below.
|     Prefer <limits.h> to <assert.h> if __STDC__ is defined, since
|     <limits.h> exists even on freestanding compilers.  */
| 
| #ifdef __STDC__
| # include <limits.h>
| #else
| # include <assert.h>
| #endif
| 
| #undef _doprnt
| 
| /* Override any gcc2 internal prototype to avoid an error.  */
| #ifdef __cplusplus
| extern "C"
| {
| #endif
| /* We use char because int might match the return type of a gcc2
|    builtin and then its argument prototype would still apply.  */
| char _doprnt ();
| /* The GNU C library defines this for functions which it implements
|     to always fail with ENOSYS.  Some functions are actually named
|     something starting with __ and the normal name is an alias.  */
| #if defined (__stub__doprnt) || defined (__stub____doprnt)
| choke me
| #else
| char (*f) () = _doprnt;
| #endif
| #ifdef __cplusplus
| }
| #endif
| 
| int
| main ()
| {
| return f != _doprnt;
|   ;
|   return 0;
| }
configure:21365: result: no
configure:21379: checking for _LARGEFILE_SOURCE value needed for large files
configure:21402: gcc -c -g -O2 -Wall  conftest.c >&5
conftest.c: In function 'main':
conftest.c:46:8: warning: the address of 'fseeko' will always evaluate as 'true' [-Waddress]
configure:21408: $? = 0
configure:21412: test -z 
			 || test ! -s conftest.err
configure:21415: $? = 0
configure:21418: test -s conftest.o
configure:21421: $? = 0
configure:21478: result: no
configure:21492: checking for fseeko
configure:21513: gcc -o conftest -g -O2 -Wall   conftest.c  >&5
conftest.c: In function 'main':
conftest.c:46:8: warning: the address of 'fseeko' will always evaluate as 'true' [-Waddress]
configure:21519: $? = 0
configure:21523: test -z 
			 || test ! -s conftest.err
configure:21526: $? = 0
configure:21529: test -s conftest
configure:21532: $? = 0
configure:21544: result: yes
configure:21752: checking for the pthreads library -lpthreads
configure:21790: gcc -o conftest -g -O2 -Wall    conftest.c -lpthreads  >&5
conftest.c: In function 'main':
conftest.c:48:22: warning: null argument where non-null required (argument 1) [-Wnonnull]
conftest.c:49:22: warning: null argument where non-null required (argument 1) [-Wnonnull]
conftest.c:49:22: warning: null argument where non-null required (argument 3) [-Wnonnull]
conftest.c:47:27: warning: 'th' is used uninitialized in this function [-Wuninitialized]
/usr/bin/ld: cannot find -lpthreads
collect2: ld returned 1 exit status
configure:21796: $? = 1
configure: failed program was:
| /* confdefs.h.  */
| 
| #define PACKAGE_NAME "libupnp"
| #define PACKAGE_TARNAME "libupnp"
| #define PACKAGE_VERSION "1.2.1a-rt2"
| #define PACKAGE_STRING "libupnp 1.2.1a-rt2"
| #define PACKAGE_BUGREPORT "r3mi@users.sourceforge.net"
| #define PACKAGE "libupnp"
| #define VERSION "1.2.1a-rt2"
| #define STDC_HEADERS 1
| #define HAVE_SYS_TYPES_H 1
| #define HAVE_SYS_STAT_H 1
| #define HAVE_STDLIB_H 1
| #define HAVE_STRING_H 1
| #define HAVE_MEMORY_H 1
| #define HAVE_STRINGS_H 1
| #define HAVE_INTTYPES_H 1
| #define HAVE_STDINT_H 1
| #define HAVE_UNISTD_H 1
| #define HAVE_DLFCN_H 1
| #ifdef __cplusplus
| extern "C" void exit (int) throw ();
| #endif
| #define _FILE_OFFSET_BITS 64
| #define STDC_HEADERS 1
| #define HAVE_ARPA_INET_H 1
| #define HAVE_FCNTL_H 1
| #define HAVE_LIMITS_H 1
| #define HAVE_MALLOC_H 1
| #define HAVE_NETDB_H 1
| #define HAVE_NETINET_IN_H 1
| #define HAVE_STDLIB_H 1
| #define HAVE_STRING_H 1
| #define HAVE_SYS_IOCTL_H 1
| #define HAVE_SYS_SOCKET_H 1
| #define HAVE_SYS_TIME_H 1
| #define HAVE_SYS_TIMEB_H 1
| #define HAVE_SYSLOG_H 1
| #define HAVE_UNISTD_H 1
| #define HAVE_VPRINTF 1
| #define HAVE_FSEEKO 1
| /* end confdefs.h.  */
| #include <pthread.h>
| int
| main ()
| {
| pthread_t th; pthread_join(th, 0);
|                      pthread_attr_init(0); pthread_cleanup_push(0, 0);
|                      pthread_create(0,0,0,0); pthread_cleanup_pop(0);
|   ;
|   return 0;
| }
configure:21823: result: no
configure:21699: checking whether pthreads work without any flags
configure:21790: gcc -o conftest -g -O2 -Wall    conftest.c   >&5
conftest.c: In function 'main':
conftest.c:48:22: warning: null argument where non-null required (argument 1) [-Wnonnull]
conftest.c:49:22: warning: null argument where non-null required (argument 1) [-Wnonnull]
conftest.c:49:22: warning: null argument where non-null required (argument 3) [-Wnonnull]
conftest.c:47:27: warning: 'th' is used uninitialized in this function [-Wuninitialized]
/tmp/cckO1qZr.o: In function `main':
/home/lindsay/Downloads/djmount-0.71/libupnp/conftest.c:47: undefined reference to `pthread_join'
/home/lindsay/Downloads/djmount-0.71/libupnp/conftest.c:48: undefined reference to `__pthread_register_cancel'
/home/lindsay/Downloads/djmount-0.71/libupnp/conftest.c:49: undefined reference to `pthread_create'
/home/lindsay/Downloads/djmount-0.71/libupnp/conftest.c:49: undefined reference to `__pthread_unregister_cancel'
collect2: ld returned 1 exit status
configure:21796: $? = 1
configure: failed program was:
| /* confdefs.h.  */
| 
| #define PACKAGE_NAME "libupnp"
| #define PACKAGE_TARNAME "libupnp"
| #define PACKAGE_VERSION "1.2.1a-rt2"
| #define PACKAGE_STRING "libupnp 1.2.1a-rt2"
| #define PACKAGE_BUGREPORT "r3mi@users.sourceforge.net"
| #define PACKAGE "libupnp"
| #define VERSION "1.2.1a-rt2"
| #define STDC_HEADERS 1
| #define HAVE_SYS_TYPES_H 1
| #define HAVE_SYS_STAT_H 1
| #define HAVE_STDLIB_H 1
| #define HAVE_STRING_H 1
| #define HAVE_MEMORY_H 1
| #define HAVE_STRINGS_H 1
| #define HAVE_INTTYPES_H 1
| #define HAVE_STDINT_H 1
| #define HAVE_UNISTD_H 1
| #define HAVE_DLFCN_H 1
| #ifdef __cplusplus
| extern "C" void exit (int) throw ();
| #endif
| #define _FILE_OFFSET_BITS 64
| #define STDC_HEADERS 1
| #define HAVE_ARPA_INET_H 1
| #define HAVE_FCNTL_H 1
| #define HAVE_LIMITS_H 1
| #define HAVE_MALLOC_H 1
| #define HAVE_NETDB_H 1
| #define HAVE_NETINET_IN_H 1
| #define HAVE_STDLIB_H 1
| #define HAVE_STRING_H 1
| #define HAVE_SYS_IOCTL_H 1
| #define HAVE_SYS_SOCKET_H 1
| #define HAVE_SYS_TIME_H 1
| #define HAVE_SYS_TIMEB_H 1
| #define HAVE_SYSLOG_H 1
| #define HAVE_UNISTD_H 1
| #define HAVE_VPRINTF 1
| #define HAVE_FSEEKO 1
| /* end confdefs.h.  */
| #include <pthread.h>
| int
| main ()
| {
| pthread_t th; pthread_join(th, 0);
|                      pthread_attr_init(0); pthread_cleanup_push(0, 0);
|                      pthread_create(0,0,0,0); pthread_cleanup_pop(0);
|   ;
|   return 0;
| }
configure:21823: result: no
configure:21704: checking whether pthreads work with -Kthread
configure:21790: gcc -o conftest -g -O2 -Wall -Kthread   conftest.c   >&5
gcc: error: unrecognized option '-Kthread'
configure:21796: $? = 1
configure: failed program was:
| /* confdefs.h.  */
| 
| #define PACKAGE_NAME "libupnp"
| #define PACKAGE_TARNAME "libupnp"
| #define PACKAGE_VERSION "1.2.1a-rt2"
| #define PACKAGE_STRING "libupnp 1.2.1a-rt2"
| #define PACKAGE_BUGREPORT "r3mi@users.sourceforge.net"
| #define PACKAGE "libupnp"
| #define VERSION "1.2.1a-rt2"
| #define STDC_HEADERS 1
| #define HAVE_SYS_TYPES_H 1
| #define HAVE_SYS_STAT_H 1
| #define HAVE_STDLIB_H 1
| #define HAVE_STRING_H 1
| #define HAVE_MEMORY_H 1
| #define HAVE_STRINGS_H 1
| #define HAVE_INTTYPES_H 1
| #define HAVE_STDINT_H 1
| #define HAVE_UNISTD_H 1
| #define HAVE_DLFCN_H 1
| #ifdef __cplusplus
| extern "C" void exit (int) throw ();
| #endif
| #define _FILE_OFFSET_BITS 64
| #define STDC_HEADERS 1
| #define HAVE_ARPA_INET_H 1
| #define HAVE_FCNTL_H 1
| #define HAVE_LIMITS_H 1
| #define HAVE_MALLOC_H 1
| #define HAVE_NETDB_H 1
| #define HAVE_NETINET_IN_H 1
| #define HAVE_STDLIB_H 1
| #define HAVE_STRING_H 1
| #define HAVE_SYS_IOCTL_H 1
| #define HAVE_SYS_SOCKET_H 1
| #define HAVE_SYS_TIME_H 1
| #define HAVE_SYS_TIMEB_H 1
| #define HAVE_SYSLOG_H 1
| #define HAVE_UNISTD_H 1
| #define HAVE_VPRINTF 1
| #define HAVE_FSEEKO 1
| /* end confdefs.h.  */
| #include <pthread.h>
| int
| main ()
| {
| pthread_t th; pthread_join(th, 0);
|                      pthread_attr_init(0); pthread_cleanup_push(0, 0);
|                      pthread_create(0,0,0,0); pthread_cleanup_pop(0);
|   ;
|   return 0;
| }
configure:21823: result: no
configure:21704: checking whether pthreads work with -kthread
configure:21790: gcc -o conftest -g -O2 -Wall -kthread   conftest.c   >&5
gcc: error: unrecognized option '-kthread'
configure:21796: $? = 1
configure: failed program was:
| /* confdefs.h.  */
| 
| #define PACKAGE_NAME "libupnp"
| #define PACKAGE_TARNAME "libupnp"
| #define PACKAGE_VERSION "1.2.1a-rt2"
| #define PACKAGE_STRING "libupnp 1.2.1a-rt2"
| #define PACKAGE_BUGREPORT "r3mi@users.sourceforge.net"
| #define PACKAGE "libupnp"
| #define VERSION "1.2.1a-rt2"
| #define STDC_HEADERS 1
| #define HAVE_SYS_TYPES_H 1
| #define HAVE_SYS_STAT_H 1
| #define HAVE_STDLIB_H 1
| #define HAVE_STRING_H 1
| #define HAVE_MEMORY_H 1
| #define HAVE_STRINGS_H 1
| #define HAVE_INTTYPES_H 1
| #define HAVE_STDINT_H 1
| #define HAVE_UNISTD_H 1
| #define HAVE_DLFCN_H 1
| #ifdef __cplusplus
| extern "C" void exit (int) throw ();
| #endif
| #define _FILE_OFFSET_BITS 64
| #define STDC_HEADERS 1
| #define HAVE_ARPA_INET_H 1
| #define HAVE_FCNTL_H 1
| #define HAVE_LIMITS_H 1
| #define HAVE_MALLOC_H 1
| #define HAVE_NETDB_H 1
| #define HAVE_NETINET_IN_H 1
| #define HAVE_STDLIB_H 1
| #define HAVE_STRING_H 1
| #define HAVE_SYS_IOCTL_H 1
| #define HAVE_SYS_SOCKET_H 1
| #define HAVE_SYS_TIME_H 1
| #define HAVE_SYS_TIMEB_H 1
| #define HAVE_SYSLOG_H 1
| #define HAVE_UNISTD_H 1
| #define HAVE_VPRINTF 1
| #define HAVE_FSEEKO 1
| /* end confdefs.h.  */
| #include <pthread.h>
| int
| main ()
| {
| pthread_t th; pthread_join(th, 0);
|                      pthread_attr_init(0); pthread_cleanup_push(0, 0);
|                      pthread_create(0,0,0,0); pthread_cleanup_pop(0);
|   ;
|   return 0;
| }
configure:21823: result: no
configure:21752: checking for the pthreads library -llthread
configure:21790: gcc -o conftest -g -O2 -Wall    conftest.c -llthread  >&5
conftest.c: In function 'main':
conftest.c:48:22: warning: null argument where non-null required (argument 1) [-Wnonnull]
conftest.c:49:22: warning: null argument where non-null required (argument 1) [-Wnonnull]
conftest.c:49:22: warning: null argument where non-null required (argument 3) [-Wnonnull]
conftest.c:47:27: warning: 'th' is used uninitialized in this function [-Wuninitialized]
/usr/bin/ld: cannot find -llthread
collect2: ld returned 1 exit status
configure:21796: $? = 1
configure: failed program was:
| /* confdefs.h.  */
| 
| #define PACKAGE_NAME "libupnp"
| #define PACKAGE_TARNAME "libupnp"
| #define PACKAGE_VERSION "1.2.1a-rt2"
| #define PACKAGE_STRING "libupnp 1.2.1a-rt2"
| #define PACKAGE_BUGREPORT "r3mi@users.sourceforge.net"
| #define PACKAGE "libupnp"
| #define VERSION "1.2.1a-rt2"
| #define STDC_HEADERS 1
| #define HAVE_SYS_TYPES_H 1
| #define HAVE_SYS_STAT_H 1
| #define HAVE_STDLIB_H 1
| #define HAVE_STRING_H 1
| #define HAVE_MEMORY_H 1
| #define HAVE_STRINGS_H 1
| #define HAVE_INTTYPES_H 1
| #define HAVE_STDINT_H 1
| #define HAVE_UNISTD_H 1
| #define HAVE_DLFCN_H 1
| #ifdef __cplusplus
| extern "C" void exit (int) throw ();
| #endif
| #define _FILE_OFFSET_BITS 64
| #define STDC_HEADERS 1
| #define HAVE_ARPA_INET_H 1
| #define HAVE_FCNTL_H 1
| #define HAVE_LIMITS_H 1
| #define HAVE_MALLOC_H 1
| #define HAVE_NETDB_H 1
| #define HAVE_NETINET_IN_H 1
| #define HAVE_STDLIB_H 1
| #define HAVE_STRING_H 1
| #define HAVE_SYS_IOCTL_H 1
| #define HAVE_SYS_SOCKET_H 1
| #define HAVE_SYS_TIME_H 1
| #define HAVE_SYS_TIMEB_H 1
| #define HAVE_SYSLOG_H 1
| #define HAVE_UNISTD_H 1
| #define HAVE_VPRINTF 1
| #define HAVE_FSEEKO 1
| /* end confdefs.h.  */
| #include <pthread.h>
| int
| main ()
| {
| pthread_t th; pthread_join(th, 0);
|                      pthread_attr_init(0); pthread_cleanup_push(0, 0);
|                      pthread_create(0,0,0,0); pthread_cleanup_pop(0);
|   ;
|   return 0;
| }
configure:21823: result: no
configure:21704: checking whether pthreads work with -pthread
configure:21790: gcc -o conftest -g -O2 -Wall -pthread   conftest.c   >&5
conftest.c: In function 'main':
conftest.c:48:22: warning: null argument where non-null required (argument 1) [-Wnonnull]
conftest.c:49:22: warning: null argument where non-null required (argument 1) [-Wnonnull]
conftest.c:49:22: warning: null argument where non-null required (argument 3) [-Wnonnull]
conftest.c:47:27: warning: 'th' is used uninitialized in this function [-Wuninitialized]
configure:21796: $? = 0
configure:21800: test -z 
			 || test ! -s conftest.err
configure:21803: $? = 0
configure:21806: test -s conftest
configure:21809: $? = 0
configure:21823: result: yes
configure:21842: checking for joinable pthread attribute
configure:21862: gcc -o conftest -g -O2 -Wall -pthread   conftest.c   >&5
configure:21868: $? = 0
configure:21872: test -z 
			 || test ! -s conftest.err
configure:21875: $? = 0
configure:21878: test -s conftest
configure:21881: $? = 0
configure:21892: result: PTHREAD_CREATE_JOINABLE
configure:21902: checking if more special flags are required for pthreads
configure:21909: result: no
configure:21921: checking for cc_r
configure:21948: result: gcc
configure:22149: creating ./config.status

## ---------------------- ##
## Running config.status. ##
## ---------------------- ##

This file was extended by libupnp config.status 1.2.1a-rt2, which was
generated by GNU Autoconf 2.59.  Invocation command line was

  CONFIG_FILES    = 
  CONFIG_HEADERS  = 
  CONFIG_LINKS    = 
  CONFIG_COMMANDS = 
  $ ./config.status 

on lindsay-OEM

config.status:734: creating Makefile
config.status:734: creating ixml/Makefile
config.status:734: creating ixml/doc/Makefile
config.status:734: creating threadutil/Makefile
config.status:734: creating upnp/Makefile
config.status:734: creating upnp/doc/Makefile
config.status:734: creating libupnp.pc
config.status:838: creating config.h
config.status:984: config.h is unchanged
config.status:1164: executing depfiles commands

## ---------------- ##
## Cache variables. ##
## ---------------- ##

ac_cv_build=i686-pc-linux-gnu
ac_cv_build_alias=i686-pc-linux-gnu
ac_cv_c_compiler_gnu=yes
ac_cv_c_const=yes
ac_cv_cflags_warn_all=-Wall
ac_cv_cxx_compiler_gnu=yes
ac_cv_env_CC_set=
ac_cv_env_CC_value=
ac_cv_env_CFLAGS_set=
ac_cv_env_CFLAGS_value=
ac_cv_env_CPPFLAGS_set=
ac_cv_env_CPPFLAGS_value=
ac_cv_env_CPP_set=
ac_cv_env_CPP_value=
ac_cv_env_CXXCPP_set=
ac_cv_env_CXXCPP_value=
ac_cv_env_CXXFLAGS_set=
ac_cv_env_CXXFLAGS_value=
ac_cv_env_CXX_set=
ac_cv_env_CXX_value=
ac_cv_env_F77_set=
ac_cv_env_F77_value=
ac_cv_env_FFLAGS_set=
ac_cv_env_FFLAGS_value=
ac_cv_env_LDFLAGS_set=
ac_cv_env_LDFLAGS_value=
ac_cv_env_build_alias_set=
ac_cv_env_build_alias_value=
ac_cv_env_host_alias_set=
ac_cv_env_host_alias_value=
ac_cv_env_target_alias_set=
ac_cv_env_target_alias_value=
ac_cv_exeext=
ac_cv_f77_compiler_gnu=no
ac_cv_func__doprnt=no
ac_cv_func_fseeko=yes
ac_cv_func_vprintf=yes
ac_cv_header_arpa_inet_h=yes
ac_cv_header_dlfcn_h=yes
ac_cv_header_fcntl_h=yes
ac_cv_header_inttypes_h=yes
ac_cv_header_limits_h=yes
ac_cv_header_malloc_h=yes
ac_cv_header_memory_h=yes
ac_cv_header_netdb_h=yes
ac_cv_header_netinet_in_h=yes
ac_cv_header_stdc=yes
ac_cv_header_stdint_h=yes
ac_cv_header_stdlib_h=yes
ac_cv_header_string_h=yes
ac_cv_header_strings_h=yes
ac_cv_header_sys_ioctl_h=yes
ac_cv_header_sys_socket_h=yes
ac_cv_header_sys_stat_h=yes
ac_cv_header_sys_time_h=yes
ac_cv_header_sys_timeb_h=yes
ac_cv_header_sys_types_h=yes
ac_cv_header_syslog_h=yes
ac_cv_header_unistd_h=yes
ac_cv_host=i686-pc-linux-gnu
ac_cv_host_alias=i686-pc-linux-gnu
ac_cv_objext=o
ac_cv_path_install='/usr/bin/install -c'
ac_cv_prog_AWK=mawk
ac_cv_prog_CPP='gcc -E'
ac_cv_prog_CXXCPP='g++ -E'
ac_cv_prog_PTHREAD_CC=gcc
ac_cv_prog_ac_ct_AR=ar
ac_cv_prog_ac_ct_CC=gcc
ac_cv_prog_ac_ct_CXX=g++
ac_cv_prog_ac_ct_RANLIB=ranlib
ac_cv_prog_ac_ct_STRIP=strip
ac_cv_prog_cc_g=yes
ac_cv_prog_cc_gcc_c_o=yes
ac_cv_prog_cc_stdc=
ac_cv_prog_cxx_g=yes
ac_cv_prog_egrep='grep -E'
ac_cv_prog_f77_g=no
ac_cv_prog_make_make_set=yes
ac_cv_sys_file_offset_bits=64
ac_cv_sys_large_files=no
ac_cv_sys_largefile_CC=no
ac_cv_sys_largefile_source=no
ac_cv_type_size_t=yes
ac_cv_type_socklen_t=yes
am_cv_CC_dependencies_compiler_type=gcc3
am_cv_CXX_dependencies_compiler_type=gcc3
lt_cv_deplibs_check_method=pass_all
lt_cv_file_magic_cmd='$MAGIC_CMD'
lt_cv_file_magic_test_file=
lt_cv_ld_reload_flag=-r
lt_cv_objdir=.libs
lt_cv_path_LD=/usr/bin/ld
lt_cv_path_LDCXX=/usr/bin/ld
lt_cv_path_NM='/usr/bin/nm -B'
lt_cv_path_SED=/bin/sed
lt_cv_prog_compiler_c_o=yes
lt_cv_prog_compiler_c_o_CXX=yes
lt_cv_prog_compiler_rtti_exceptions=no
lt_cv_prog_gnu_ld=yes
lt_cv_prog_gnu_ldcxx=yes
lt_cv_sys_global_symbol_pipe='sed -n -e '\''s/^.*[ 	]\([ABCDGIRSTW][ABCDGIRSTW]*\)[ 	][ 	]*\([_A-Za-z][_A-Za-z0-9]*\)$/\1 \2 \2/p'\'''
lt_cv_sys_global_symbol_to_c_name_address='sed -n -e '\''s/^: \([^ ]*\) $/  {\"\1\", (lt_ptr) 0},/p'\'' -e '\''s/^[BCDEGRST] \([^ ]*\) \([^ ]*\)$/  {"\2", (lt_ptr) \&\2},/p'\'''
lt_cv_sys_global_symbol_to_cdecl='sed -n -e '\''s/^. .* \(.*\)$/extern int \1;/p'\'''
lt_cv_sys_max_cmd_len=32768
lt_lt_cv_prog_compiler_c_o='"yes"'
lt_lt_cv_prog_compiler_c_o_CXX='"yes"'
lt_lt_cv_sys_global_symbol_pipe='"sed -n -e '\''s/^.*[ 	]\\([ABCDGIRSTW][ABCDGIRSTW]*\\)[ 	][ 	]*\\([_A-Za-z][_A-Za-z0-9]*\\)\$/\\1 \\2 \\2/p'\''"'
lt_lt_cv_sys_global_symbol_to_c_name_address='"sed -n -e '\''s/^: \\([^ ]*\\) \$/  {\\\"\\1\\\", (lt_ptr) 0},/p'\'' -e '\''s/^[BCDEGRST] \\([^ ]*\\) \\([^ ]*\\)\$/  {\"\\2\", (lt_ptr) \\&\\2},/p'\''"'
lt_lt_cv_sys_global_symbol_to_cdecl='"sed -n -e '\''s/^. .* \\(.*\\)\$/extern int \\1;/p'\''"'

## ----------------- ##
## Output variables. ##
## ----------------- ##

ACLOCAL='${SHELL} /home/lindsay/Downloads/djmount-0.71/libupnp/config.aux/missing --run aclocal-1.9'
AMDEPBACKSLASH='\'
AMDEP_FALSE='#'
AMDEP_TRUE=''
AMTAR='${SHELL} /home/lindsay/Downloads/djmount-0.71/libupnp/config.aux/missing --run tar'
AR='ar'
AUTOCONF='${SHELL} /home/lindsay/Downloads/djmount-0.71/libupnp/config.aux/missing --run autoconf'
AUTOHEADER='${SHELL} /home/lindsay/Downloads/djmount-0.71/libupnp/config.aux/missing --run autoheader'
AUTOMAKE='${SHELL} /home/lindsay/Downloads/djmount-0.71/libupnp/config.aux/missing --run automake-1.9'
AWK='mawk'
CC='gcc'
CCDEPMODE='depmode=gcc3'
CFLAGS='-g -O2 -Wall'
CPP='gcc -E'
CPPFLAGS=''
CXX='g++'
CXXCPP='g++ -E'
CXXDEPMODE='depmode=gcc3'
CXXFLAGS='-g -O2'
CYGPATH_W='echo'
DEFS='-DHAVE_CONFIG_H'
DEPDIR='.deps'
ECHO='echo'
ECHO_C=''
ECHO_N='-n'
ECHO_T=''
EGREP='grep -E'
ENABLE_CLIENT_FALSE='#'
ENABLE_CLIENT_TRUE=''
ENABLE_DEBUG_FALSE='#'
ENABLE_DEBUG_TRUE=''
ENABLE_DEVICE_FALSE=''
ENABLE_DEVICE_TRUE='#'
ENABLE_TOOLS_FALSE='#'
ENABLE_TOOLS_TRUE=''
ENABLE_WEBSERVER_FALSE=''
ENABLE_WEBSERVER_TRUE='#'
EXEEXT=''
F77=''
FFLAGS=''
INSTALL_DATA='${INSTALL} -m 644'
INSTALL_PROGRAM='${INSTALL}'
INSTALL_SCRIPT='${INSTALL}'
INSTALL_STRIP_PROGRAM='${SHELL} $(install_sh) -c -s'
LDFLAGS=''
LIBOBJS=''
LIBS=''
LIBTOOL='$(SHELL) $(top_builddir)/libtool'
LN_S='ln -s'
LTLIBOBJS=''
MAKEINFO='${SHELL} /home/lindsay/Downloads/djmount-0.71/libupnp/config.aux/missing --run makeinfo'
OBJEXT='o'
PACKAGE='libupnp'
PACKAGE_BUGREPORT='r3mi@users.sourceforge.net'
PACKAGE_NAME='libupnp'
PACKAGE_STRING='libupnp 1.2.1a-rt2'
PACKAGE_TARNAME='libupnp'
PACKAGE_VERSION='1.2.1a-rt2'
PATH_SEPARATOR=':'
PTHREAD_CC='gcc'
PTHREAD_CFLAGS='-pthread'
PTHREAD_LIBS=''
RANLIB='ranlib'
SET_MAKE=''
SHELL='/bin/bash'
STRIP='strip'
VERSION='1.2.1a-rt2'
ac_ct_AR='ar'
ac_ct_CC='gcc'
ac_ct_CXX='g++'
ac_ct_F77=''
ac_ct_RANLIB='ranlib'
ac_ct_STRIP='strip'
acx_pthread_config=''
am__fastdepCC_FALSE='#'
am__fastdepCC_TRUE=''
am__fastdepCXX_FALSE='#'
am__fastdepCXX_TRUE=''
am__include='include'
am__leading_dot='.'
am__quote=''
am__tar='${AMTAR} chof - "$$tardir"'
am__untar='${AMTAR} xf -'
bindir='${exec_prefix}/bin'
build='i686-pc-linux-gnu'
build_alias=''
build_cpu='i686'
build_os='linux-gnu'
build_vendor='pc'
datadir='${prefix}/share'
exec_prefix='${prefix}'
host='i686-pc-linux-gnu'
host_alias=''
host_cpu='i686'
host_os='linux-gnu'
host_vendor='pc'
includedir='${prefix}/include'
infodir='${prefix}/info'
install_sh='/home/lindsay/Downloads/djmount-0.71/libupnp/config.aux/install-sh'
libdir='${exec_prefix}/lib'
libexecdir='${exec_prefix}/libexec'
localstatedir='${prefix}/var'
mandir='${prefix}/man'
mkdir_p='mkdir -p --'
oldincludedir='/usr/include'
prefix='/usr/local'
program_transform_name='s,x,x,'
sbindir='${exec_prefix}/sbin'
sharedstatedir='${prefix}/com'
sysconfdir='${prefix}/etc'
target_alias=''

## ----------- ##
## confdefs.h. ##
## ----------- ##

#define HAVE_ARPA_INET_H 1
#define HAVE_DLFCN_H 1
#define HAVE_FCNTL_H 1
#define HAVE_FSEEKO 1
#define HAVE_INTTYPES_H 1
#define HAVE_LIMITS_H 1
#define HAVE_MALLOC_H 1
#define HAVE_MEMORY_H 1
#define HAVE_NETDB_H 1
#define HAVE_NETINET_IN_H 1
#define HAVE_PTHREAD 1
#define HAVE_STDINT_H 1
#define HAVE_STDLIB_H 1
#define HAVE_STDLIB_H 1
#define HAVE_STRINGS_H 1
#define HAVE_STRING_H 1
#define HAVE_STRING_H 1
#define HAVE_SYSLOG_H 1
#define HAVE_SYS_IOCTL_H 1
#define HAVE_SYS_SOCKET_H 1
#define HAVE_SYS_STAT_H 1
#define HAVE_SYS_TIMEB_H 1
#define HAVE_SYS_TIME_H 1
#define HAVE_SYS_TYPES_H 1
#define HAVE_UNISTD_H 1
#define HAVE_UNISTD_H 1
#define HAVE_VPRINTF 1
#define PACKAGE "libupnp"
#define PACKAGE_BUGREPORT "r3mi@users.sourceforge.net"
#define PACKAGE_NAME "libupnp"
#define PACKAGE_STRING "libupnp 1.2.1a-rt2"
#define PACKAGE_TARNAME "libupnp"
#define PACKAGE_VERSION "1.2.1a-rt2"
#define STDC_HEADERS 1
#define STDC_HEADERS 1
#define VERSION "1.2.1a-rt2"
#define _FILE_OFFSET_BITS 64
#endif
#ifdef __cplusplus
extern "C" void exit (int) throw ();

configure: exit 0
